2019-07-10 12:15:51.216+0000 WARN [o.n.k.i.JvmChecker] You are using an unsupported version of the Java runtime. Please use Oracle(R) Java(TM) Runtime Environment 8, OpenJDK(TM) 8 or IBM J9.
2019-07-10 12:15:51.328+0000 WARN [o.n.i.p.PageCache] The dbms.memory.pagecache.size setting has not been configured. It is recommended that this setting is always explicitly configured, to ensure the system has a balanced configuration. Until then, a computed heuristic value of 3173492736 bytes will be used instead. Run `neo4j-admin memrec` for memory configuration suggestions.
2019-07-10 12:15:52.327+0000 INFO [o.n.g.f.m.e.CommunityEditionModule] No locking implementation specified, defaulting to 'community'
2019-07-10 12:15:52.845+0000 INFO [o.n.g.f.GraphDatabaseFacadeFactory] Creating 'cars' database.
2019-07-10 12:15:52.908+0000 INFO [o.n.k.a.DatabaseAvailabilityGuard] Requirement `Database available` makes database cars unavailable.
2019-07-10 12:15:52.909+0000 INFO [o.n.k.a.DatabaseAvailabilityGuard] Database cars is unavailable.
2019-07-10 12:15:52.983+0000 INFO [o.n.i.d.DiagnosticsManager] --- INITIALIZED diagnostics START ---
2019-07-10 12:15:52.984+0000 INFO [o.n.i.d.DiagnosticsManager] Neo4j Kernel properties:
2019-07-10 12:15:52.984+0000 INFO [o.n.i.d.DiagnosticsManager] unsupported.dbms.directories.neo4j_home=C:\Users\camp-rgu\Documents\dc19-eInnsyn\e-innsyn-graf\data
2019-07-10 12:15:52.984+0000 INFO [o.n.i.d.DiagnosticsManager] dbms.active_database=cars
2019-07-10 12:15:52.984+0000 INFO [o.n.i.d.DiagnosticsManager] unsupported.dbms.directories.databases.root=C:\Users\camp-rgu\Documents\dc19-eInnsyn\e-innsyn-graf\data
2019-07-10 12:15:52.985+0000 INFO [o.n.i.d.DiagnosticsManager] unsupported.dbms.edition=community
2019-07-10 12:15:52.985+0000 INFO [o.n.i.d.DiagnosticsManager] unsupported.dbms.ephemeral=false
2019-07-10 12:15:52.986+0000 INFO [o.n.i.d.DiagnosticsManager] Diagnostics providers:
2019-07-10 12:15:52.986+0000 INFO [o.n.i.d.DiagnosticsManager] org.neo4j.kernel.configuration.Config
2019-07-10 12:15:52.986+0000 INFO [o.n.i.d.DiagnosticsManager] org.neo4j.internal.diagnostics.DiagnosticsManager
2019-07-10 12:15:52.986+0000 INFO [o.n.i.d.DiagnosticsManager] SYSTEM_MEMORY
2019-07-10 12:15:52.987+0000 INFO [o.n.i.d.DiagnosticsManager] JAVA_MEMORY
2019-07-10 12:15:52.987+0000 INFO [o.n.i.d.DiagnosticsManager] OPERATING_SYSTEM
2019-07-10 12:15:52.987+0000 INFO [o.n.i.d.DiagnosticsManager] JAVA_VIRTUAL_MACHINE
2019-07-10 12:15:52.987+0000 INFO [o.n.i.d.DiagnosticsManager] CLASSPATH
2019-07-10 12:15:52.987+0000 INFO [o.n.i.d.DiagnosticsManager] LIBRARY_PATH
2019-07-10 12:15:52.987+0000 INFO [o.n.i.d.DiagnosticsManager] SYSTEM_PROPERTIES
2019-07-10 12:15:52.987+0000 INFO [o.n.i.d.DiagnosticsManager] TIMEZONE_DATABASE
2019-07-10 12:15:52.988+0000 INFO [o.n.i.d.DiagnosticsManager] NETWORK
2019-07-10 12:15:52.988+0000 INFO [o.n.i.d.DiagnosticsManager] System memory information:
2019-07-10 12:15:52.992+0000 INFO [o.n.i.d.DiagnosticsManager] Total Physical memory: 7.88 GB
2019-07-10 12:15:52.992+0000 INFO [o.n.i.d.DiagnosticsManager] Free Physical memory: 1.04 GB
2019-07-10 12:15:52.992+0000 INFO [o.n.i.d.DiagnosticsManager] Committed virtual memory: 265.08 MB
2019-07-10 12:15:52.993+0000 INFO [o.n.i.d.DiagnosticsManager] Total swap space: 15.49 GB
2019-07-10 12:15:52.993+0000 INFO [o.n.i.d.DiagnosticsManager] Free swap space: 2.99 GB
2019-07-10 12:15:52.993+0000 INFO [o.n.i.d.DiagnosticsManager] JVM memory information:
2019-07-10 12:15:52.993+0000 INFO [o.n.i.d.DiagnosticsManager] Free  memory: 71.34 MB
2019-07-10 12:15:52.994+0000 INFO [o.n.i.d.DiagnosticsManager] Total memory: 128.00 MB
2019-07-10 12:15:52.994+0000 INFO [o.n.i.d.DiagnosticsManager] Max   memory: 1.97 GB
2019-07-10 12:15:53.023+0000 INFO [o.n.i.d.DiagnosticsManager] Garbage Collector: G1 Young Generation: [G1 Eden Space, G1 Survivor Space, G1 Old Gen]
2019-07-10 12:15:53.024+0000 INFO [o.n.i.d.DiagnosticsManager] Garbage Collector: G1 Old Generation: [G1 Eden Space, G1 Survivor Space, G1 Old Gen]
2019-07-10 12:15:53.026+0000 INFO [o.n.i.d.DiagnosticsManager] Memory Pool: CodeHeap 'non-nmethods' (Non-heap memory): committed=2.44 MB, used=1.13 MB, max=5.56 MB, threshold=0.00 B
2019-07-10 12:15:53.026+0000 INFO [o.n.i.d.DiagnosticsManager] Memory Pool: Metaspace (Non-heap memory): committed=18.00 MB, used=17.45 MB, max=-1.00 B, threshold=0.00 B
2019-07-10 12:15:53.029+0000 INFO [o.n.i.d.DiagnosticsManager] Memory Pool: CodeHeap 'profiled nmethods' (Non-heap memory): committed=4.63 MB, used=4.59 MB, max=117.19 MB, threshold=0.00 B
2019-07-10 12:15:53.037+0000 INFO [o.n.i.d.DiagnosticsManager] Memory Pool: Compressed Class Space (Non-heap memory): committed=2.25 MB, used=1.97 MB, max=1.00 GB, threshold=0.00 B
2019-07-10 12:15:53.037+0000 INFO [o.n.i.d.DiagnosticsManager] Memory Pool: G1 Eden Space (Heap memory): committed=49.00 MB, used=31.00 MB, max=-1.00 B, threshold=?
2019-07-10 12:15:53.039+0000 INFO [o.n.i.d.DiagnosticsManager] Memory Pool: G1 Old Gen (Heap memory): committed=74.00 MB, used=20.66 MB, max=1.97 GB, threshold=0.00 B
2019-07-10 12:15:53.040+0000 INFO [o.n.i.d.DiagnosticsManager] Memory Pool: G1 Survivor Space (Heap memory): committed=5.00 MB, used=5.00 MB, max=-1.00 B, threshold=?
2019-07-10 12:15:53.040+0000 INFO [o.n.i.d.DiagnosticsManager] Memory Pool: CodeHeap 'non-profiled nmethods' (Non-heap memory): committed=2.44 MB, used=915.75 kB, max=117.25 MB, threshold=0.00 B
2019-07-10 12:15:53.041+0000 INFO [o.n.i.d.DiagnosticsManager] Operating system information:
2019-07-10 12:15:53.042+0000 INFO [o.n.i.d.DiagnosticsManager] Operating System: Windows 10; version: 10.0; arch: amd64; cpus: 4
2019-07-10 12:15:53.182+0000 INFO [o.n.i.d.DiagnosticsManager] Process id: 4284@L-DIF02-X250
2019-07-10 12:15:53.182+0000 INFO [o.n.i.d.DiagnosticsManager] Byte order: LITTLE_ENDIAN
2019-07-10 12:15:53.204+0000 INFO [o.n.i.d.DiagnosticsManager] Local timezone: Europe/Oslo
2019-07-10 12:15:53.205+0000 INFO [o.n.i.d.DiagnosticsManager] JVM information:
2019-07-10 12:15:53.205+0000 INFO [o.n.i.d.DiagnosticsManager] VM Name: Java HotSpot(TM) 64-Bit Server VM
2019-07-10 12:15:53.205+0000 INFO [o.n.i.d.DiagnosticsManager] VM Vendor: Oracle Corporation
2019-07-10 12:15:53.205+0000 INFO [o.n.i.d.DiagnosticsManager] VM Version: 12.0.1+12
2019-07-10 12:15:53.206+0000 INFO [o.n.i.d.DiagnosticsManager] JIT compiler: HotSpot 64-Bit Tiered Compilers
2019-07-10 12:15:53.206+0000 INFO [o.n.i.d.DiagnosticsManager] VM Arguments: [-javaagent:C:\Users\camp-rgu\AppData\Local\JetBrains\IntelliJ IDEA 2019.1.3\lib\idea_rt.jar=53997:C:\Users\camp-rgu\AppData\Local\JetBrains\IntelliJ IDEA 2019.1.3\bin, -Dfile.encoding=UTF-8]
2019-07-10 12:15:53.206+0000 INFO [o.n.i.d.DiagnosticsManager] Java classpath:
2019-07-10 12:15:53.707+0000 INFO [o.n.i.d.DiagnosticsManager]  [classpath] C:\Users\camp-rgu\.m2\repository\com\jcabi\jcabi-manifests\1.1\jcabi-manifests-1.1.jar
2019-07-10 12:15:53.708+0000 INFO [o.n.i.d.DiagnosticsManager]  [classpath] C:\Users\camp-rgu\.m2\repository\org\neo4j\neo4j-procedure-api\3.5.5\neo4j-procedure-api-3.5.5.jar
2019-07-10 12:15:53.708+0000 INFO [o.n.i.d.DiagnosticsManager]  [classpath] C:\Users\camp-rgu\.m2\repository\org\slf4j\jcl-over-slf4j\1.7.26\jcl-over-slf4j-1.7.26.jar
2019-07-10 12:15:53.708+0000 INFO [o.n.i.d.DiagnosticsManager]  [classpath] C:\Users\camp-rgu\.m2\repository\org\eclipse\rdf4j\rdf4j-http-client\2.5.2\rdf4j-http-client-2.5.2.jar
2019-07-10 12:15:53.708+0000 INFO [o.n.i.d.DiagnosticsManager]  [classpath] C:\Users\camp-rgu\.m2\repository\org\springframework\boot\spring-boot-starter-aop\2.1.6.RELEASE\spring-boot-starter-aop-2.1.6.RELEASE.jar
2019-07-10 12:15:53.708+0000 INFO [o.n.i.d.DiagnosticsManager]  [classpath] C:\Users\camp-rgu\.m2\repository\org\eclipse\rdf4j\rdf4j-sail-model\2.5.2\rdf4j-sail-model-2.5.2.jar
2019-07-10 12:15:53.708+0000 INFO [o.n.i.d.DiagnosticsManager]  [classpath] C:\Users\camp-rgu\.m2\repository\org\neo4j\neo4j-configuration\3.5.5\neo4j-configuration-3.5.5.jar
2019-07-10 12:15:53.708+0000 INFO [o.n.i.d.DiagnosticsManager]  [classpath] C:\Users\camp-rgu\.m2\repository\org\neo4j\neo4j-ast-3.5\3.5.5\neo4j-ast-3.5-3.5.5.jar
2019-07-10 12:15:53.708+0000 INFO [o.n.i.d.DiagnosticsManager]  [classpath] C:\Users\camp-rgu\.m2\repository\org\neo4j\neo4j-cypher-logical-plans-3.4\3.4.12\neo4j-cypher-logical-plans-3.4-3.4.12.jar
2019-07-10 12:15:53.708+0000 INFO [o.n.i.d.DiagnosticsManager]  [classpath] C:\Users\camp-rgu\.m2\repository\org\springframework\boot\spring-boot\2.1.6.RELEASE\spring-boot-2.1.6.RELEASE.jar
2019-07-10 12:15:53.708+0000 INFO [o.n.i.d.DiagnosticsManager]  [classpath] C:\Users\camp-rgu\.m2\repository\org\eclipse\rdf4j\rdf4j-queryalgebra-evaluation\2.5.2\rdf4j-queryalgebra-evaluation-2.5.2.jar
2019-07-10 12:15:53.709+0000 INFO [o.n.i.d.DiagnosticsManager]  [classpath] C:\Users\camp-rgu\.m2\repository\org\neo4j\openCypher-frontend-1\3.4.12\openCypher-frontend-1-3.4.12.jar
2019-07-10 12:15:53.709+0000 INFO [o.n.i.d.DiagnosticsManager]  [classpath] C:\Users\camp-rgu\.m2\repository\org\springframework\spring-aspects\5.1.8.RELEASE\spring-aspects-5.1.8.RELEASE.jar
2019-07-10 12:15:53.709+0000 INFO [o.n.i.d.DiagnosticsManager]  [classpath] C:\Users\camp-rgu\.m2\repository\org\eclipse\rdf4j\rdf4j-rio-rdfjson\2.5.2\rdf4j-rio-rdfjson-2.5.2.jar
2019-07-10 12:15:53.709+0000 INFO [o.n.i.d.DiagnosticsManager]  [classpath] C:\Users\camp-rgu\.m2\repository\org\springframework\boot\spring-boot-starter-validation\2.1.6.RELEASE\spring-boot-starter-validation-2.1.6.RELEASE.jar
2019-07-10 12:15:53.709+0000 INFO [o.n.i.d.DiagnosticsManager]  [classpath] C:\Users\camp-rgu\.m2\repository\org\springframework\boot\spring-boot-starter-logging\2.1.6.RELEASE\spring-boot-starter-logging-2.1.6.RELEASE.jar
2019-07-10 12:15:53.709+0000 INFO [o.n.i.d.DiagnosticsManager]  [classpath] C:\Users\camp-rgu\.m2\repository\org\scala-lang\scala-library\2.11.12\scala-library-2.11.12.jar
2019-07-10 12:15:53.709+0000 INFO [o.n.i.d.DiagnosticsManager]  [classpath] C:\Users\camp-rgu\.m2\repository\org\parboiled\parboiled-scala_2.11\1.1.7\parboiled-scala_2.11-1.1.7.jar
2019-07-10 12:15:53.709+0000 INFO [o.n.i.d.DiagnosticsManager]  [classpath] C:\Users\camp-rgu\.m2\repository\org\jprocesses\jProcesses\1.6.4\jProcesses-1.6.4.jar
2019-07-10 12:15:53.709+0000 INFO [o.n.i.d.DiagnosticsManager]  [classpath] C:\Users\camp-rgu\.m2\repository\org\apache\tinkerpop\gremlin-driver\3.2.4\gremlin-driver-3.2.4.jar
2019-07-10 12:15:53.710+0000 INFO [o.n.i.d.DiagnosticsManager]  [classpath] C:\Users\camp-rgu\.m2\repository\org\hibernate\hibernate-core\5.3.10.Final\hibernate-core-5.3.10.Final.jar
2019-07-10 12:15:53.710+0000 INFO [o.n.i.d.DiagnosticsManager]  [classpath] C:\Users\camp-rgu\.m2\repository\org\eclipse\rdf4j\rdf4j-queryparser-api\2.5.2\rdf4j-queryparser-api-2.5.2.jar
2019-07-10 12:15:53.710+0000 INFO [o.n.i.d.DiagnosticsManager]  [classpath] C:\Users\camp-rgu\.m2\repository\org\apache\httpcomponents\httpclient-cache\4.5.9\httpclient-cache-4.5.9.jar
2019-07-10 12:15:53.710+0000 INFO [o.n.i.d.DiagnosticsManager]  [classpath] C:\Users\camp-rgu\.m2\repository\org\apache\commons\commons-text\1.4\commons-text-1.4.jar
2019-07-10 12:15:53.710+0000 INFO [o.n.i.d.DiagnosticsManager]  [classpath] C:\Users\camp-rgu\.m2\repository\org\neo4j\neo4j-dbms\3.5.5\neo4j-dbms-3.5.5.jar
2019-07-10 12:15:53.710+0000 INFO [o.n.i.d.DiagnosticsManager]  [classpath] C:\Users\camp-rgu\.m2\repository\org\neo4j\neo4j-jmx\3.5.5\neo4j-jmx-3.5.5.jar
2019-07-10 12:15:53.710+0000 INFO [o.n.i.d.DiagnosticsManager]  [classpath] C:\Users\camp-rgu\.m2\repository\com\fasterxml\classmate\1.4.0\classmate-1.4.0.jar
2019-07-10 12:15:53.710+0000 INFO [o.n.i.d.DiagnosticsManager]  [classpath] C:\Users\camp-rgu\.m2\repository\org\springframework\data\spring-data-commons\2.1.9.RELEASE\spring-data-commons-2.1.9.RELEASE.jar
2019-07-10 12:15:53.710+0000 INFO [o.n.i.d.DiagnosticsManager]  [classpath] C:\Users\camp-rgu\.m2\repository\org\hibernate\common\hibernate-commons-annotations\5.0.4.Final\hibernate-commons-annotations-5.0.4.Final.jar
2019-07-10 12:15:53.710+0000 INFO [o.n.i.d.DiagnosticsManager]  [classpath] C:\Users\camp-rgu\.m2\repository\org\eclipse\rdf4j\rdf4j-sail-base\2.5.2\rdf4j-sail-base-2.5.2.jar
2019-07-10 12:15:53.710+0000 INFO [o.n.i.d.DiagnosticsManager]  [classpath] C:\Users\camp-rgu\.m2\repository\org\eclipse\rdf4j\rdf4j-rio-datatypes\2.5.2\rdf4j-rio-datatypes-2.5.2.jar
2019-07-10 12:15:53.710+0000 INFO [o.n.i.d.DiagnosticsManager]  [classpath] C:\Users\camp-rgu\.m2\repository\org\apache\httpcomponents\httpcore\4.4.11\httpcore-4.4.11.jar
2019-07-10 12:15:53.710+0000 INFO [o.n.i.d.DiagnosticsManager]  [classpath] C:\Users\camp-rgu\.m2\repository\org\springframework\spring-jdbc\5.1.8.RELEASE\spring-jdbc-5.1.8.RELEASE.jar
2019-07-10 12:15:53.710+0000 INFO [o.n.i.d.DiagnosticsManager]  [classpath] C:\Users\camp-rgu\.m2\repository\org\neo4j\neo4j-cypher-planner-3.4\3.4.12\neo4j-cypher-planner-3.4-3.4.12.jar
2019-07-10 12:15:53.711+0000 INFO [o.n.i.d.DiagnosticsManager]  [classpath] C:\Users\camp-rgu\.m2\repository\com\microsoft\sqlserver\mssql-jdbc\7.2.2.jre11\mssql-jdbc-7.2.2.jre11.jar
2019-07-10 12:15:53.711+0000 INFO [o.n.i.d.DiagnosticsManager]  [classpath] C:\Users\camp-rgu\.m2\repository\org\slf4j\jul-to-slf4j\1.7.26\jul-to-slf4j-1.7.26.jar
2019-07-10 12:15:53.711+0000 INFO [o.n.i.d.DiagnosticsManager]  [classpath] C:\Users\camp-rgu\.m2\repository\org\aspectj\aspectjweaver\1.9.4\aspectjweaver-1.9.4.jar
2019-07-10 12:15:53.711+0000 INFO [o.n.i.d.DiagnosticsManager]  [classpath] C:\Users\camp-rgu\.m2\repository\org\eclipse\rdf4j\rdf4j-rio-rdfxml\2.5.2\rdf4j-rio-rdfxml-2.5.2.jar
2019-07-10 12:15:53.711+0000 INFO [o.n.i.d.DiagnosticsManager]  [classpath] C:\Users\camp-rgu\.m2\repository\com\carrotsearch\hppc\0.7.1\hppc-0.7.1.jar
2019-07-10 12:15:53.711+0000 INFO [o.n.i.d.DiagnosticsManager]  [classpath] C:\Users\camp-rgu\.m2\repository\org\neo4j\neo4j-legacy\3.5.5\neo4j-legacy-3.5.5.jar
2019-07-10 12:15:53.711+0000 INFO [o.n.i.d.DiagnosticsManager]  [classpath] C:\Users\camp-rgu\.m2\repository\javax\activation\javax.activation-api\1.2.0\javax.activation-api-1.2.0.jar
2019-07-10 12:15:53.711+0000 INFO [o.n.i.d.DiagnosticsManager]  [classpath] C:\Users\camp-rgu\.m2\repository\commons-configuration\commons-configuration\1.10\commons-configuration-1.10.jar
2019-07-10 12:15:53.711+0000 INFO [o.n.i.d.DiagnosticsManager]  [classpath] C:\Users\camp-rgu\.m2\repository\com\fasterxml\jackson\datatype\jackson-datatype-jdk8\2.9.9\jackson-datatype-jdk8-2.9.9.jar
2019-07-10 12:15:53.711+0000 INFO [o.n.i.d.DiagnosticsManager]  [classpath] C:\Users\camp-rgu\.m2\repository\org\neo4j\neo4j-cypher-compiler-2.3\2.3.12\neo4j-cypher-compiler-2.3-2.3.12.jar
2019-07-10 12:15:53.711+0000 INFO [o.n.i.d.DiagnosticsManager]  [classpath] C:\Users\camp-rgu\.m2\repository\org\eclipse\rdf4j\rdf4j-rio-api\2.5.2\rdf4j-rio-api-2.5.2.jar
2019-07-10 12:15:53.711+0000 INFO [o.n.i.d.DiagnosticsManager]  [classpath] C:\Users\camp-rgu\.m2\repository\org\apache\tomcat\embed\tomcat-embed-el\9.0.21\tomcat-embed-el-9.0.21.jar
2019-07-10 12:15:53.711+0000 INFO [o.n.i.d.DiagnosticsManager]  [classpath] C:\Users\camp-rgu\.m2\repository\org\neo4j\neo4j-cypher-logical-plans-3.5\3.5.5\neo4j-cypher-logical-plans-3.5-3.5.5.jar
2019-07-10 12:15:53.711+0000 INFO [o.n.i.d.DiagnosticsManager]  [classpath] C:\Users\camp-rgu\.m2\repository\org\neo4j\neo4j-udc\3.5.5\neo4j-udc-3.5.5.jar
2019-07-10 12:15:53.712+0000 INFO [o.n.i.d.DiagnosticsManager]  [classpath] C:\Users\camp-rgu\.m2\repository\org\neo4j\neo4j-cypher\3.5.5\neo4j-cypher-3.5.5.jar
2019-07-10 12:15:53.712+0000 INFO [o.n.i.d.DiagnosticsManager]  [classpath] C:\Users\camp-rgu\.m2\repository\org\neo4j\neo4j-cypher-util-3.4\3.4.12\neo4j-cypher-util-3.4-3.4.12.jar
2019-07-10 12:15:53.712+0000 INFO [o.n.i.d.DiagnosticsManager]  [classpath] C:\Users\camp-rgu\.m2\repository\com\fasterxml\jackson\core\jackson-core\2.9.9\jackson-core-2.9.9.jar
2019-07-10 12:15:53.712+0000 INFO [o.n.i.d.DiagnosticsManager]  [classpath] C:\Users\camp-rgu\Documents\dc19-eInnsyn\e-innsyn-graf\target\classes
2019-07-10 12:15:53.712+0000 INFO [o.n.i.d.DiagnosticsManager]  [classpath] C:\Users\camp-rgu\.m2\repository\org\neo4j\neo4j-graphdb-api\3.5.5\neo4j-graphdb-api-3.5.5.jar
2019-07-10 12:15:53.712+0000 INFO [o.n.i.d.DiagnosticsManager]  [classpath] C:\Users\camp-rgu\.m2\repository\org\eclipse\rdf4j\rdf4j-model\2.5.2\rdf4j-model-2.5.2.jar
2019-07-10 12:15:53.712+0000 INFO [o.n.i.d.DiagnosticsManager]  [classpath] C:\Users\camp-rgu\.m2\repository\org\neo4j\neo4j-kernel-api\3.5.5\neo4j-kernel-api-3.5.5.jar
2019-07-10 12:15:53.712+0000 INFO [o.n.i.d.DiagnosticsManager]  [classpath] C:\Users\camp-rgu\.m2\repository\org\neo4j\neo4j-command-line\3.5.5\neo4j-command-line-3.5.5.jar
2019-07-10 12:15:53.712+0000 INFO [o.n.i.d.DiagnosticsManager]  [classpath] C:\Users\camp-rgu\.m2\repository\org\eclipse\rdf4j\rdf4j-query\2.5.2\rdf4j-query-2.5.2.jar
2019-07-10 12:15:53.712+0000 INFO [o.n.i.d.DiagnosticsManager]  [classpath] C:\Users\camp-rgu\.m2\repository\org\apache\commons\commons-lang3\3.8.1\commons-lang3-3.8.1.jar
2019-07-10 12:15:53.712+0000 INFO [o.n.i.d.DiagnosticsManager]  [classpath] C:\Users\camp-rgu\.m2\repository\org\scala-lang\scala-reflect\2.11.12\scala-reflect-2.11.12.jar
2019-07-10 12:15:53.712+0000 INFO [o.n.i.d.DiagnosticsManager]  [classpath] C:\Users\camp-rgu\.m2\repository\com\google\code\findbugs\annotations\2.0.1\annotations-2.0.1.jar
2019-07-10 12:15:53.713+0000 INFO [o.n.i.d.DiagnosticsManager]  [classpath] C:\Users\camp-rgu\.m2\repository\org\springframework\spring-orm\5.1.8.RELEASE\spring-orm-5.1.8.RELEASE.jar
2019-07-10 12:15:53.713+0000 INFO [o.n.i.d.DiagnosticsManager]  [classpath] C:\Users\camp-rgu\.m2\repository\javax\annotation\javax.annotation-api\1.3.2\javax.annotation-api-1.3.2.jar
2019-07-10 12:15:53.713+0000 INFO [o.n.i.d.DiagnosticsManager]  [classpath] C:\Users\camp-rgu\.m2\repository\org\neo4j\neo4j\3.5.5\neo4j-3.5.5.jar
2019-07-10 12:15:53.713+0000 INFO [o.n.i.d.DiagnosticsManager]  [classpath] C:\Users\camp-rgu\.m2\repository\org\neo4j\neo4j-parser-3.5\3.5.5\neo4j-parser-3.5-3.5.5.jar
2019-07-10 12:15:53.713+0000 INFO [o.n.i.d.DiagnosticsManager]  [classpath] C:\Users\camp-rgu\.m2\repository\org\eclipse\rdf4j\rdf4j-rio-languages\2.5.2\rdf4j-rio-languages-2.5.2.jar
2019-07-10 12:15:53.713+0000 INFO [o.n.i.d.DiagnosticsManager]  [classpath] C:\Users\camp-rgu\.m2\repository\org\neo4j\neo4j-import-tool\3.5.5\neo4j-import-tool-3.5.5.jar
2019-07-10 12:15:53.713+0000 INFO [o.n.i.d.DiagnosticsManager]  [classpath] C:\Users\camp-rgu\.m2\repository\commons-collections\commons-collections\3.2.2\commons-collections-3.2.2.jar
2019-07-10 12:15:53.713+0000 INFO [o.n.i.d.DiagnosticsManager]  [classpath] C:\Users\camp-rgu\.m2\repository\org\neo4j\neo4j-collections\3.5.5\neo4j-collections-3.5.5.jar
2019-07-10 12:15:53.713+0000 INFO [o.n.i.d.DiagnosticsManager]  [classpath] C:\Users\camp-rgu\.m2\repository\org\eclipse\rdf4j\rdf4j-queryparser-serql\2.5.2\rdf4j-queryparser-serql-2.5.2.jar
2019-07-10 12:15:53.713+0000 INFO [o.n.i.d.DiagnosticsManager]  [classpath] C:\Users\camp-rgu\.m2\repository\org\eclipse\rdf4j\rdf4j-queryresultio-api\2.5.2\rdf4j-queryresultio-api-2.5.2.jar
2019-07-10 12:15:53.713+0000 INFO [o.n.i.d.DiagnosticsManager]  [classpath] C:\Users\camp-rgu\.m2\repository\org\apache\tinkerpop\gremlin-shaded\3.4.2\gremlin-shaded-3.4.2.jar
2019-07-10 12:15:53.713+0000 INFO [o.n.i.d.DiagnosticsManager]  [classpath] C:\Users\camp-rgu\.m2\repository\org\codehaus\groovy\groovy-sql\2.4.8\groovy-sql-2.4.8-indy.jar
2019-07-10 12:15:53.714+0000 INFO [o.n.i.d.DiagnosticsManager]  [classpath] C:\Users\camp-rgu\.m2\repository\ch\qos\logback\logback-classic\1.2.3\logback-classic-1.2.3.jar
2019-07-10 12:15:53.714+0000 INFO [o.n.i.d.DiagnosticsManager]  [classpath] C:\Users\camp-rgu\.m2\repository\org\neo4j\neo4j-cypher-ir-3.5\3.5.5\neo4j-cypher-ir-3.5-3.5.5.jar
2019-07-10 12:15:53.714+0000 INFO [o.n.i.d.DiagnosticsManager]  [classpath] C:\Users\camp-rgu\.m2\repository\org\json\json\20171018\json-20171018.jar
2019-07-10 12:15:53.714+0000 INFO [o.n.i.d.DiagnosticsManager]  [classpath] C:\Users\camp-rgu\.m2\repository\net\objecthunter\exp4j\0.4.8\exp4j-0.4.8.jar
2019-07-10 12:15:53.714+0000 INFO [o.n.i.d.DiagnosticsManager]  [classpath] C:\Users\camp-rgu\.m2\repository\org\hibernate\validator\hibernate-validator\6.0.17.Final\hibernate-validator-6.0.17.Final.jar
2019-07-10 12:15:53.714+0000 INFO [o.n.i.d.DiagnosticsManager]  [classpath] C:\Users\camp-rgu\.m2\repository\org\eclipse\rdf4j\rdf4j-sail-api\2.5.2\rdf4j-sail-api-2.5.2.jar
2019-07-10 12:15:53.714+0000 INFO [o.n.i.d.DiagnosticsManager]  [classpath] C:\Users\camp-rgu\.m2\repository\org\parboiled\parboiled-core\1.1.7\parboiled-core-1.1.7.jar
2019-07-10 12:15:53.714+0000 INFO [o.n.i.d.DiagnosticsManager]  [classpath] C:\Users\camp-rgu\.m2\repository\org\neo4j\neo4j-front-end-3.5\3.5.5\neo4j-front-end-3.5-3.5.5.jar
2019-07-10 12:15:53.714+0000 INFO [o.n.i.d.DiagnosticsManager]  [classpath] C:\Users\camp-rgu\.m2\repository\org\neo4j\neo4j-graph-matching\3.1.9\neo4j-graph-matching-3.1.9.jar
2019-07-10 12:15:53.714+0000 INFO [o.n.i.d.DiagnosticsManager]  [classpath] C:\Users\camp-rgu\.m2\repository\org\springframework\boot\spring-boot-starter-tomcat\2.1.6.RELEASE\spring-boot-starter-tomcat-2.1.6.RELEASE.jar
2019-07-10 12:15:53.714+0000 INFO [o.n.i.d.DiagnosticsManager]  [classpath] C:\Users\camp-rgu\.m2\repository\org\neo4j\neo4j-diagnostics\3.5.5\neo4j-diagnostics-3.5.5.jar
2019-07-10 12:15:53.714+0000 INFO [o.n.i.d.DiagnosticsManager]  [classpath] C:\Users\camp-rgu\.m2\repository\org\eclipse\rdf4j\rdf4j-rio-turtle\2.5.2\rdf4j-rio-turtle-2.5.2.jar
2019-07-10 12:15:53.714+0000 INFO [o.n.i.d.DiagnosticsManager]  [classpath] C:\Users\camp-rgu\.m2\repository\org\apache\logging\log4j\log4j-to-slf4j\2.11.2\log4j-to-slf4j-2.11.2.jar
2019-07-10 12:15:53.714+0000 INFO [o.n.i.d.DiagnosticsManager]  [classpath] C:\Users\camp-rgu\.m2\repository\org\eclipse\rdf4j\rdf4j-repository-api\2.5.2\rdf4j-repository-api-2.5.2.jar
2019-07-10 12:15:53.714+0000 INFO [o.n.i.d.DiagnosticsManager]  [classpath] C:\Users\camp-rgu\.m2\repository\io\netty\netty-all\4.1.36.Final\netty-all-4.1.36.Final.jar
2019-07-10 12:15:53.714+0000 INFO [o.n.i.d.DiagnosticsManager]  [classpath] C:\Users\camp-rgu\.m2\repository\org\projectlombok\lombok\1.18.8\lombok-1.18.8.jar
2019-07-10 12:15:53.714+0000 INFO [o.n.i.d.DiagnosticsManager]  [classpath] C:\Users\camp-rgu\.m2\repository\org\springframework\boot\spring-boot-starter-data-jpa\2.1.6.RELEASE\spring-boot-starter-data-jpa-2.1.6.RELEASE.jar
2019-07-10 12:15:53.714+0000 INFO [o.n.i.d.DiagnosticsManager]  [classpath] C:\Users\camp-rgu\.m2\repository\org\eclipse\rdf4j\rdf4j-repository-sail\2.5.2\rdf4j-repository-sail-2.5.2.jar
2019-07-10 12:15:53.715+0000 INFO [o.n.i.d.DiagnosticsManager]  [classpath] C:\Users\camp-rgu\.m2\repository\org\dom4j\dom4j\2.1.1\dom4j-2.1.1.jar
2019-07-10 12:15:53.715+0000 INFO [o.n.i.d.DiagnosticsManager]  [classpath] C:\Users\camp-rgu\.m2\repository\org\javassist\javassist\3.23.2-GA\javassist-3.23.2-GA.jar
2019-07-10 12:15:53.715+0000 INFO [o.n.i.d.DiagnosticsManager]  [classpath] C:\Users\camp-rgu\.m2\repository\org\neo4j\neo4j-cypher-planner-spi-3.5\3.5.5\neo4j-cypher-planner-spi-3.5-3.5.5.jar
2019-07-10 12:15:53.715+0000 INFO [o.n.i.d.DiagnosticsManager]  [classpath] C:\Users\camp-rgu\.m2\repository\org\mapdb\mapdb\1.0.8\mapdb-1.0.8.jar
2019-07-10 12:15:53.715+0000 INFO [o.n.i.d.DiagnosticsManager]  [classpath] C:\Users\camp-rgu\.m2\repository\org\neo4j\neo4j-cypher-frontend-3.1\3.1.9\neo4j-cypher-frontend-3.1-3.1.9.jar
2019-07-10 12:15:53.715+0000 INFO [o.n.i.d.DiagnosticsManager]  [classpath] C:\Users\camp-rgu\.m2\repository\com\profesorfalken\jPowerShell\1.9\jPowerShell-1.9.jar
2019-07-10 12:15:53.715+0000 INFO [o.n.i.d.DiagnosticsManager]  [classpath] C:\Users\camp-rgu\.m2\repository\org\neo4j\neo4j-annotation-processors\3.5.5\neo4j-annotation-processors-3.5.5.jar
2019-07-10 12:15:53.715+0000 INFO [o.n.i.d.DiagnosticsManager]  [classpath] C:\Users\camp-rgu\.m2\repository\org\apache\logging\log4j\log4j-api\2.11.2\log4j-api-2.11.2.jar
2019-07-10 12:15:53.715+0000 INFO [o.n.i.d.DiagnosticsManager]  [classpath] C:\Users\camp-rgu\.m2\repository\org\eclipse\rdf4j\rdf4j-http-protocol\2.5.2\rdf4j-http-protocol-2.5.2.jar
2019-07-10 12:15:53.715+0000 INFO [o.n.i.d.DiagnosticsManager]  [classpath] C:\Users\camp-rgu\.m2\repository\org\neo4j\neo4j-ssl\3.5.5\neo4j-ssl-3.5.5.jar
2019-07-10 12:15:53.715+0000 INFO [o.n.i.d.DiagnosticsManager]  [classpath] C:\Users\camp-rgu\.m2\repository\com\fasterxml\jackson\core\jackson-databind\2.9.9\jackson-databind-2.9.9.jar
2019-07-10 12:15:53.715+0000 INFO [o.n.i.d.DiagnosticsManager]  [classpath] C:\Users\camp-rgu\.m2\repository\com\google\guava\guava\18.0\guava-18.0.jar
2019-07-10 12:15:53.715+0000 INFO [o.n.i.d.DiagnosticsManager]  [classpath] C:\Users\camp-rgu\.m2\repository\org\bouncycastle\bcprov-jdk15on\1.60\bcprov-jdk15on-1.60.jar
2019-07-10 12:15:53.715+0000 INFO [o.n.i.d.DiagnosticsManager]  [classpath] C:\Users\camp-rgu\.m2\repository\org\eclipse\collections\eclipse-collections\9.2.0\eclipse-collections-9.2.0.jar
2019-07-10 12:15:53.716+0000 INFO [o.n.i.d.DiagnosticsManager]  [classpath] C:\Users\camp-rgu\.m2\repository\org\neo4j\neo4j-graph-algo\3.5.5\neo4j-graph-algo-3.5.5.jar
2019-07-10 12:15:53.716+0000 INFO [o.n.i.d.DiagnosticsManager]  [classpath] C:\Users\camp-rgu\.m2\repository\org\neo4j\neo4j-cypher-runtime-util\3.5.5\neo4j-cypher-runtime-util-3.5.5.jar
2019-07-10 12:15:53.716+0000 INFO [o.n.i.d.DiagnosticsManager]  [classpath] C:\Users\camp-rgu\.m2\repository\org\apache\tomcat\embed\tomcat-embed-core\9.0.21\tomcat-embed-core-9.0.21.jar
2019-07-10 12:15:53.716+0000 INFO [o.n.i.d.DiagnosticsManager]  [classpath] C:\Users\camp-rgu\.m2\repository\org\neo4j\neo4j-bolt\3.5.5\neo4j-bolt-3.5.5.jar
2019-07-10 12:15:53.716+0000 INFO [o.n.i.d.DiagnosticsManager]  [classpath] C:\Users\camp-rgu\.m2\repository\commons-io\commons-io\2.6\commons-io-2.6.jar
2019-07-10 12:15:53.716+0000 INFO [o.n.i.d.DiagnosticsManager]  [classpath] C:\Users\camp-rgu\.m2\repository\org\neo4j\neo4j-util-3.5\3.5.5\neo4j-util-3.5-3.5.5.jar
2019-07-10 12:15:53.716+0000 INFO [o.n.i.d.DiagnosticsManager]  [classpath] C:\Users\camp-rgu\.m2\repository\org\neo4j\neo4j-rewriting-3.5\3.5.5\neo4j-rewriting-3.5-3.5.5.jar
2019-07-10 12:15:53.716+0000 INFO [o.n.i.d.DiagnosticsManager]  [classpath] C:\Users\camp-rgu\.m2\repository\org\eclipse\rdf4j\rdf4j-rio-ntriples\2.5.2\rdf4j-rio-ntriples-2.5.2.jar
2019-07-10 12:15:53.716+0000 INFO [o.n.i.d.DiagnosticsManager]  [classpath] C:\Users\camp-rgu\.m2\repository\org\neo4j\neo4j-cypher-frontend-2.3\2.3.12\neo4j-cypher-frontend-2.3-2.3.12.jar
2019-07-10 12:15:53.716+0000 INFO [o.n.i.d.DiagnosticsManager]  [classpath] C:\Users\camp-rgu\.m2\repository\org\neo4j\neo4j-csv\3.5.5\neo4j-csv-3.5.5.jar
2019-07-10 12:15:53.716+0000 INFO [o.n.i.d.DiagnosticsManager]  [classpath] C:\Users\camp-rgu\.m2\repository\org\codehaus\groovy\groovy\2.5.7\groovy-2.5.7.jar
2019-07-10 12:15:53.716+0000 INFO [o.n.i.d.DiagnosticsManager]  [classpath] C:\Users\camp-rgu\.m2\repository\org\neo4j\neo4j-kernel\3.5.5\neo4j-kernel-3.5.5.jar
2019-07-10 12:15:53.716+0000 INFO [o.n.i.d.DiagnosticsManager]  [classpath] C:\Users\camp-rgu\.m2\repository\org\ow2\asm\asm-analysis\6.2\asm-analysis-6.2.jar
2019-07-10 12:15:53.717+0000 INFO [o.n.i.d.DiagnosticsManager]  [classpath] C:\Users\camp-rgu\.m2\repository\com\fasterxml\jackson\datatype\jackson-datatype-jsr310\2.9.9\jackson-datatype-jsr310-2.9.9.jar
2019-07-10 12:15:53.717+0000 INFO [o.n.i.d.DiagnosticsManager]  [classpath] C:\Users\camp-rgu\.m2\repository\org\jboss\jandex\2.0.5.Final\jandex-2.0.5.Final.jar
2019-07-10 12:15:53.717+0000 INFO [o.n.i.d.DiagnosticsManager]  [classpath] C:\Users\camp-rgu\.m2\repository\org\neo4j\neo4j-fulltext-index\3.5.5\neo4j-fulltext-index-3.5.5.jar
2019-07-10 12:15:53.717+0000 INFO [o.n.i.d.DiagnosticsManager]  [classpath] C:\Users\camp-rgu\.m2\repository\org\ow2\asm\asm\6.2\asm-6.2.jar
2019-07-10 12:15:53.717+0000 INFO [o.n.i.d.DiagnosticsManager]  [classpath] C:\Users\camp-rgu\.m2\repository\org\neo4j\neo4j-cypher-planner-3.5\3.5.5\neo4j-cypher-planner-3.5-3.5.5.jar
2019-07-10 12:15:53.717+0000 INFO [o.n.i.d.DiagnosticsManager]  [classpath] C:\Users\camp-rgu\.m2\repository\org\neo4j\neo4j-spatial-index\3.5.5\neo4j-spatial-index-3.5.5.jar
2019-07-10 12:15:53.717+0000 INFO [o.n.i.d.DiagnosticsManager]  [classpath] C:\Users\camp-rgu\.m2\repository\javax\transaction\javax.transaction-api\1.3\javax.transaction-api-1.3.jar
2019-07-10 12:15:53.717+0000 INFO [o.n.i.d.DiagnosticsManager]  [classpath] C:\Users\camp-rgu\.m2\repository\org\springframework\spring-web\5.1.8.RELEASE\spring-web-5.1.8.RELEASE.jar
2019-07-10 12:15:53.717+0000 INFO [o.n.i.d.DiagnosticsManager]  [classpath] C:\Users\camp-rgu\.m2\repository\org\neo4j\neo4j-index\3.5.5\neo4j-index-3.5.5.jar
2019-07-10 12:15:53.717+0000 INFO [o.n.i.d.DiagnosticsManager]  [classpath] C:\Users\camp-rgu\.m2\repository\org\eclipse\rdf4j\rdf4j-rio-trig\2.5.2\rdf4j-rio-trig-2.5.2.jar
2019-07-10 12:15:53.717+0000 INFO [o.n.i.d.DiagnosticsManager]  [classpath] C:\Users\camp-rgu\.m2\repository\ch\qos\logback\logback-core\1.2.3\logback-core-1.2.3.jar
2019-07-10 12:15:53.717+0000 INFO [o.n.i.d.DiagnosticsManager]  [classpath] C:\Users\camp-rgu\.m2\repository\org\eclipse\rdf4j\rdf4j-repository-sparql\2.5.2\rdf4j-repository-sparql-2.5.2.jar
2019-07-10 12:15:53.717+0000 INFO [o.n.i.d.DiagnosticsManager]  [classpath] C:\Users\camp-rgu\.m2\repository\org\springframework\boot\spring-boot-autoconfigure\2.1.6.RELEASE\spring-boot-autoconfigure-2.1.6.RELEASE.jar
2019-07-10 12:15:53.717+0000 INFO [o.n.i.d.DiagnosticsManager]  [classpath] C:\Users\camp-rgu\.m2\repository\org\neo4j\neo4j-lucene-upgrade\3.5.5\neo4j-lucene-upgrade-3.5.5.jar
2019-07-10 12:15:53.718+0000 INFO [o.n.i.d.DiagnosticsManager]  [classpath] C:\Users\camp-rgu\.m2\repository\antlr\antlr\2.7.7\antlr-2.7.7.jar
2019-07-10 12:15:53.718+0000 INFO [o.n.i.d.DiagnosticsManager]  [classpath] C:\Users\camp-rgu\.m2\repository\org\eclipse\rdf4j\rdf4j-sail-memory\2.5.2\rdf4j-sail-memory-2.5.2.jar
2019-07-10 12:15:53.718+0000 INFO [o.n.i.d.DiagnosticsManager]  [classpath] C:\Users\camp-rgu\.m2\repository\org\neo4j\neo4j-unsafe\3.5.5\neo4j-unsafe-3.5.5.jar
2019-07-10 12:15:53.718+0000 INFO [o.n.i.d.DiagnosticsManager]  [classpath] C:\Users\camp-rgu\.m2\repository\org\neo4j\licensing-proxy\zstd-proxy\3.5.5\zstd-proxy-3.5.5.jar
2019-07-10 12:15:53.718+0000 INFO [o.n.i.d.DiagnosticsManager]  [classpath] C:\Users\camp-rgu\.m2\repository\com\github\luben\zstd-jni\1.3.8-6\zstd-jni-1.3.8-6.jar
2019-07-10 12:15:53.718+0000 INFO [o.n.i.d.DiagnosticsManager]  [classpath] C:\Users\camp-rgu\.m2\repository\org\codehaus\groovy\groovy\2.4.8\groovy-2.4.8-indy.jar
2019-07-10 12:15:53.718+0000 INFO [o.n.i.d.DiagnosticsManager]  [classpath] C:\Users\camp-rgu\.m2\repository\org\apache\lucene\lucene-analyzers-common\5.5.5\lucene-analyzers-common-5.5.5.jar
2019-07-10 12:15:53.718+0000 INFO [o.n.i.d.DiagnosticsManager]  [classpath] C:\Users\camp-rgu\.m2\repository\javax\validation\validation-api\2.0.1.Final\validation-api-2.0.1.Final.jar
2019-07-10 12:15:53.718+0000 INFO [o.n.i.d.DiagnosticsManager]  [classpath] C:\Users\camp-rgu\.m2\repository\org\springframework\data\spring-data-jpa\2.1.9.RELEASE\spring-data-jpa-2.1.9.RELEASE.jar
2019-07-10 12:15:53.718+0000 INFO [o.n.i.d.DiagnosticsManager]  [classpath] C:\Users\camp-rgu\.m2\repository\org\neo4j\driver\neo4j-java-driver\1.6.1\neo4j-java-driver-1.6.1.jar
2019-07-10 12:15:53.718+0000 INFO [o.n.i.d.DiagnosticsManager]  [classpath] C:\Users\camp-rgu\.m2\repository\org\neo4j\neo4j-concurrent\3.5.5\neo4j-concurrent-3.5.5.jar
2019-07-10 12:15:53.718+0000 INFO [o.n.i.d.DiagnosticsManager]  [classpath] C:\Users\camp-rgu\.m2\repository\org\springframework\spring-webmvc\5.1.8.RELEASE\spring-webmvc-5.1.8.RELEASE.jar
2019-07-10 12:15:53.718+0000 INFO [o.n.i.d.DiagnosticsManager]  [classpath] C:\Users\camp-rgu\.m2\repository\com\fasterxml\jackson\module\jackson-module-parameter-names\2.9.9\jackson-module-parameter-names-2.9.9.jar
2019-07-10 12:15:53.718+0000 INFO [o.n.i.d.DiagnosticsManager]  [classpath] C:\Users\camp-rgu\.m2\repository\org\neo4j\neo4j-codegen\3.5.5\neo4j-codegen-3.5.5.jar
2019-07-10 12:15:53.719+0000 INFO [o.n.i.d.DiagnosticsManager]  [classpath] C:\Users\camp-rgu\.m2\repository\net\bytebuddy\byte-buddy\1.9.13\byte-buddy-1.9.13.jar
2019-07-10 12:15:53.719+0000 INFO [o.n.i.d.DiagnosticsManager]  [classpath] C:\Users\camp-rgu\.m2\repository\com\microsoft\spring\data\gremlin\spring-data-gremlin\2.1.2\spring-data-gremlin-2.1.2.jar
2019-07-10 12:15:53.719+0000 INFO [o.n.i.d.DiagnosticsManager]  [classpath] C:\Users\camp-rgu\.m2\repository\org\slf4j\slf4j-api\1.7.26\slf4j-api-1.7.26.jar
2019-07-10 12:15:53.719+0000 INFO [o.n.i.d.DiagnosticsManager]  [classpath] C:\Users\camp-rgu\.m2\repository\org\ow2\asm\asm-util\6.2\asm-util-6.2.jar
2019-07-10 12:15:53.719+0000 INFO [o.n.i.d.DiagnosticsManager]  [classpath] C:\Users\camp-rgu\.m2\repository\mysql\mysql-connector-java\8.0.16\mysql-connector-java-8.0.16.jar
2019-07-10 12:15:53.719+0000 INFO [o.n.i.d.DiagnosticsManager]  [classpath] C:\Users\camp-rgu\.m2\repository\com\github\ben-manes\caffeine\caffeine\2.6.2\caffeine-2.6.2.jar
2019-07-10 12:15:53.719+0000 INFO [o.n.i.d.DiagnosticsManager]  [classpath] C:\Users\camp-rgu\.m2\repository\org\eclipse\rdf4j\rdf4j-rio-jsonld\2.5.2\rdf4j-rio-jsonld-2.5.2.jar
2019-07-10 12:15:53.719+0000 INFO [o.n.i.d.DiagnosticsManager]  [classpath] C:\Users\camp-rgu\.m2\repository\org\apache\lucene\lucene-codecs\5.5.5\lucene-codecs-5.5.5.jar
2019-07-10 12:15:53.719+0000 INFO [o.n.i.d.DiagnosticsManager]  [classpath] C:\Users\camp-rgu\.m2\repository\org\springframework\spring-context\5.1.8.RELEASE\spring-context-5.1.8.RELEASE.jar
2019-07-10 12:15:53.720+0000 INFO [o.n.i.d.DiagnosticsManager]  [classpath] C:\Users\camp-rgu\.m2\repository\org\yaml\snakeyaml\1.23\snakeyaml-1.23.jar
2019-07-10 12:15:53.720+0000 INFO [o.n.i.d.DiagnosticsManager]  [classpath] C:\Users\camp-rgu\.m2\repository\org\eclipse\rdf4j\rdf4j-queryresultio-sparqlxml\2.5.2\rdf4j-queryresultio-sparqlxml-2.5.2.jar
2019-07-10 12:15:53.720+0000 INFO [o.n.i.d.DiagnosticsManager]  [classpath] C:\Users\camp-rgu\.m2\repository\org\springframework\spring-beans\5.1.8.RELEASE\spring-beans-5.1.8.RELEASE.jar
2019-07-10 12:15:53.720+0000 INFO [o.n.i.d.DiagnosticsManager]  [classpath] C:\Users\camp-rgu\.m2\repository\org\springframework\spring-tx\5.1.8.RELEASE\spring-tx-5.1.8.RELEASE.jar
2019-07-10 12:15:53.720+0000 INFO [o.n.i.d.DiagnosticsManager]  [classpath] C:\Users\camp-rgu\.m2\repository\org\eclipse\rdf4j\rdf4j-queryalgebra-model\2.5.2\rdf4j-queryalgebra-model-2.5.2.jar
2019-07-10 12:15:53.720+0000 INFO [o.n.i.d.DiagnosticsManager]  [classpath] C:\Users\camp-rgu\.m2\repository\org\springframework\spring-jcl\5.1.8.RELEASE\spring-jcl-5.1.8.RELEASE.jar
2019-07-10 12:15:53.720+0000 INFO [o.n.i.d.DiagnosticsManager]  [classpath] C:\Users\camp-rgu\.m2\repository\org\neo4j\neo4j-cypher-ir-3.4\3.4.12\neo4j-cypher-ir-3.4-3.4.12.jar
2019-07-10 12:15:53.720+0000 INFO [o.n.i.d.DiagnosticsManager]  [classpath] C:\Users\camp-rgu\.m2\repository\org\neo4j\neo4j-consistency-check\3.5.5\neo4j-consistency-check-3.5.5.jar
2019-07-10 12:15:53.720+0000 INFO [o.n.i.d.DiagnosticsManager]  [classpath] C:\Users\camp-rgu\.m2\repository\com\googlecode\concurrentlinkedhashmap\concurrentlinkedhashmap-lru\1.4.2\concurrentlinkedhashmap-lru-1.4.2.jar
2019-07-10 12:15:53.720+0000 INFO [o.n.i.d.DiagnosticsManager]  [classpath] C:\Users\camp-rgu\.m2\repository\com\microsoft\azure\azure-spring-boot\2.0.1\azure-spring-boot-2.0.1.jar
2019-07-10 12:15:53.720+0000 INFO [o.n.i.d.DiagnosticsManager]  [classpath] C:\Users\camp-rgu\.m2\repository\org\neo4j\neo4j-lucene-index\3.5.5\neo4j-lucene-index-3.5.5.jar
2019-07-10 12:15:53.720+0000 INFO [o.n.i.d.DiagnosticsManager]  [classpath] C:\Users\camp-rgu\.m2\repository\org\neo4j\neo4j-logging\3.5.5\neo4j-logging-3.5.5.jar
2019-07-10 12:15:53.720+0000 INFO [o.n.i.d.DiagnosticsManager]  [classpath] C:\Users\camp-rgu\.m2\repository\org\neo4j\neo4j-cypher-compiler-3.1\3.1.9\neo4j-cypher-compiler-3.1-3.1.9.jar
2019-07-10 12:15:53.720+0000 INFO [o.n.i.d.DiagnosticsManager]  [classpath] C:\Users\camp-rgu\.m2\repository\com\fasterxml\jackson\core\jackson-annotations\2.9.0\jackson-annotations-2.9.0.jar
2019-07-10 12:15:53.720+0000 INFO [o.n.i.d.DiagnosticsManager]  [classpath] C:\Users\camp-rgu\.m2\repository\org\jboss\logging\jboss-logging\3.3.2.Final\jboss-logging-3.3.2.Final.jar
2019-07-10 12:15:53.721+0000 INFO [o.n.i.d.DiagnosticsManager]  [classpath] C:\Users\camp-rgu\.m2\repository\org\springframework\spring-expression\5.1.8.RELEASE\spring-expression-5.1.8.RELEASE.jar
2019-07-10 12:15:53.721+0000 INFO [o.n.i.d.DiagnosticsManager]  [classpath] C:\Users\camp-rgu\.m2\repository\org\springframework\boot\spring-boot-starter\2.1.6.RELEASE\spring-boot-starter-2.1.6.RELEASE.jar
2019-07-10 12:15:53.721+0000 INFO [o.n.i.d.DiagnosticsManager]  [classpath] C:\Users\camp-rgu\.m2\repository\org\neo4j\neo4j-expressions-3.5\3.5.5\neo4j-expressions-3.5-3.5.5.jar
2019-07-10 12:15:53.721+0000 INFO [o.n.i.d.DiagnosticsManager]  [classpath] C:\Users\camp-rgu\.m2\repository\org\apache\httpcomponents\httpclient\4.5.9\httpclient-4.5.9.jar
2019-07-10 12:15:53.721+0000 INFO [o.n.i.d.DiagnosticsManager]  [classpath] C:\Users\camp-rgu\.m2\repository\org\neo4j\neo4j-cypher-planner-spi-3.4\3.4.12\neo4j-cypher-planner-spi-3.4-3.4.12.jar
2019-07-10 12:15:53.721+0000 INFO [o.n.i.d.DiagnosticsManager]  [classpath] C:\Users\camp-rgu\.m2\repository\com\squareup\javapoet\1.8.0\javapoet-1.8.0.jar
2019-07-10 12:15:53.721+0000 INFO [o.n.i.d.DiagnosticsManager]  [classpath] C:\Users\camp-rgu\.m2\repository\org\neo4j\neo4j-values\3.5.5\neo4j-values-3.5.5.jar
2019-07-10 12:15:53.721+0000 INFO [o.n.i.d.DiagnosticsManager]  [classpath] C:\Users\camp-rgu\.m2\repository\commons-codec\commons-codec\1.11\commons-codec-1.11.jar
2019-07-10 12:15:53.721+0000 INFO [o.n.i.d.DiagnosticsManager]  [classpath] C:\Users\camp-rgu\.m2\repository\org\springframework\boot\spring-boot-starter-json\2.1.6.RELEASE\spring-boot-starter-json-2.1.6.RELEASE.jar
2019-07-10 12:15:53.721+0000 INFO [o.n.i.d.DiagnosticsManager]  [classpath] C:\Users\camp-rgu\.m2\repository\org\apache\tomcat\embed\tomcat-embed-websocket\9.0.21\tomcat-embed-websocket-9.0.21.jar
2019-07-10 12:15:53.721+0000 INFO [o.n.i.d.DiagnosticsManager]  [classpath] C:\Users\camp-rgu\.m2\repository\org\apache\lucene\lucene-queryparser\5.5.5\lucene-queryparser-5.5.5.jar
2019-07-10 12:15:53.721+0000 INFO [o.n.i.d.DiagnosticsManager]  [classpath] C:\Users\camp-rgu\.m2\repository\org\eclipse\rdf4j\rdf4j-util\2.5.2\rdf4j-util-2.5.2.jar
2019-07-10 12:15:53.721+0000 INFO [o.n.i.d.DiagnosticsManager]  [classpath] C:\Users\camp-rgu\.m2\repository\com\microsoft\azure\azure-spring-boot-starter\2.0.1\azure-spring-boot-starter-2.0.1.jar
2019-07-10 12:15:53.721+0000 INFO [o.n.i.d.DiagnosticsManager]  [classpath] C:\Users\camp-rgu\.m2\repository\org\springframework\boot\spring-boot-starter-web\2.1.6.RELEASE\spring-boot-starter-web-2.1.6.RELEASE.jar
2019-07-10 12:15:53.721+0000 INFO [o.n.i.d.DiagnosticsManager]  [classpath] C:\Users\camp-rgu\.m2\repository\org\neo4j\neo4j-io\3.5.5\neo4j-io-3.5.5.jar
2019-07-10 12:15:53.721+0000 INFO [o.n.i.d.DiagnosticsManager]  [classpath] C:\Users\camp-rgu\.m2\repository\org\neo4j\neo4j-cypher-expression-3.4\3.4.12\neo4j-cypher-expression-3.4-3.4.12.jar
2019-07-10 12:15:53.722+0000 INFO [o.n.i.d.DiagnosticsManager]  [classpath] C:\Users\camp-rgu\.m2\repository\javax\xml\bind\jaxb-api\2.3.1\jaxb-api-2.3.1.jar
2019-07-10 12:15:53.722+0000 INFO [o.n.i.d.DiagnosticsManager]  [classpath] C:\Users\camp-rgu\.m2\repository\net\sf\opencsv\opencsv\2.3\opencsv-2.3.jar
2019-07-10 12:15:53.722+0000 INFO [o.n.i.d.DiagnosticsManager]  [classpath] C:\Users\camp-rgu\.m2\repository\org\springframework\spring-aop\5.1.8.RELEASE\spring-aop-5.1.8.RELEASE.jar
2019-07-10 12:15:53.722+0000 INFO [o.n.i.d.DiagnosticsManager]  [classpath] C:\Users\camp-rgu\.m2\repository\org\javatuples\javatuples\1.2\javatuples-1.2.jar
2019-07-10 12:15:53.722+0000 INFO [o.n.i.d.DiagnosticsManager]  [classpath] C:\Users\camp-rgu\.m2\repository\org\neo4j\neo4j-data-collector\3.5.5\neo4j-data-collector-3.5.5.jar
2019-07-10 12:15:53.722+0000 INFO [o.n.i.d.DiagnosticsManager]  [classpath] C:\Users\camp-rgu\.m2\repository\org\apache\tinkerpop\gremlin-core\3.4.2\gremlin-core-3.4.2.jar
2019-07-10 12:15:53.722+0000 INFO [o.n.i.d.DiagnosticsManager]  [classpath] C:\Users\camp-rgu\.m2\repository\com\zaxxer\HikariCP\3.2.0\HikariCP-3.2.0.jar
2019-07-10 12:15:53.722+0000 INFO [o.n.i.d.DiagnosticsManager]  [classpath] C:\Users\camp-rgu\.m2\repository\org\bouncycastle\bcpkix-jdk15on\1.60\bcpkix-jdk15on-1.60.jar
2019-07-10 12:15:53.722+0000 INFO [o.n.i.d.DiagnosticsManager]  [classpath] C:\Users\camp-rgu\.m2\repository\org\neo4j\neo4j-cypher-interpreted-runtime\3.5.5\neo4j-cypher-interpreted-runtime-3.5.5.jar
2019-07-10 12:15:53.722+0000 INFO [o.n.i.d.DiagnosticsManager]  [classpath] C:\Users\camp-rgu\.m2\repository\org\springframework\spring-core\5.1.8.RELEASE\spring-core-5.1.8.RELEASE.jar
2019-07-10 12:15:53.722+0000 INFO [o.n.i.d.DiagnosticsManager]  [classpath] C:\Users\camp-rgu\.m2\repository\com\steelbridgelabs\oss\neo4j-gremlin-bolt\0.3.1\neo4j-gremlin-bolt-0.3.1.jar
2019-07-10 12:15:53.723+0000 INFO [o.n.i.d.DiagnosticsManager]  [classpath] C:\Users\camp-rgu\.m2\repository\org\neo4j\neo4j-resource\3.5.5\neo4j-resource-3.5.5.jar
2019-07-10 12:15:53.723+0000 INFO [o.n.i.d.DiagnosticsManager]  [classpath] C:\Users\camp-rgu\.m2\repository\org\eclipse\rdf4j\rdf4j-sail-inferencer\2.5.2\rdf4j-sail-inferencer-2.5.2.jar
2019-07-10 12:15:53.723+0000 INFO [o.n.i.d.DiagnosticsManager]  [classpath] C:\Users\camp-rgu\.m2\repository\commons-lang\commons-lang\2.6\commons-lang-2.6.jar
2019-07-10 12:15:53.723+0000 INFO [o.n.i.d.DiagnosticsManager]  [classpath] C:\Users\camp-rgu\.m2\repository\org\springframework\boot\spring-boot-starter-jdbc\2.1.6.RELEASE\spring-boot-starter-jdbc-2.1.6.RELEASE.jar
2019-07-10 12:15:53.723+0000 INFO [o.n.i.d.DiagnosticsManager]  [classpath] C:\Users\camp-rgu\.m2\repository\org\eclipse\rdf4j\rdf4j-queryparser-sparql\2.5.2\rdf4j-queryparser-sparql-2.5.2.jar
2019-07-10 12:15:53.723+0000 INFO [o.n.i.d.DiagnosticsManager]  [classpath] C:\Users\camp-rgu\.m2\repository\org\neo4j\neo4j-common\3.5.5\neo4j-common-3.5.5.jar
2019-07-10 12:15:53.723+0000 INFO [o.n.i.d.DiagnosticsManager]  [classpath] C:\Users\camp-rgu\.m2\repository\org\ow2\asm\asm-tree\6.2\asm-tree-6.2.jar
2019-07-10 12:15:53.723+0000 INFO [o.n.i.d.DiagnosticsManager]  [classpath] C:\Users\camp-rgu\.m2\repository\org\codehaus\groovy\groovy-json\2.4.8\groovy-json-2.4.8-indy.jar
2019-07-10 12:15:53.723+0000 INFO [o.n.i.d.DiagnosticsManager]  [classpath] C:\Users\camp-rgu\.m2\repository\com\github\jsonld-java\jsonld-java\0.12.3\jsonld-java-0.12.3.jar
2019-07-10 12:15:53.723+0000 INFO [o.n.i.d.DiagnosticsManager]  [classpath] C:\Users\camp-rgu\.m2\repository\com\jcabi\jcabi-log\0.14\jcabi-log-0.14.jar
2019-07-10 12:15:53.723+0000 INFO [o.n.i.d.DiagnosticsManager]  [classpath] C:\Users\camp-rgu\.m2\repository\org\eclipse\collections\eclipse-collections-api\9.2.0\eclipse-collections-api-9.2.0.jar
2019-07-10 12:15:53.723+0000 INFO [o.n.i.d.DiagnosticsManager]  [classpath] C:\Users\camp-rgu\.m2\repository\org\apache\commons\commons-compress\1.18\commons-compress-1.18.jar
2019-07-10 12:15:53.723+0000 INFO [o.n.i.d.DiagnosticsManager]  [classpath] C:\Users\camp-rgu\.m2\repository\com\profesorfalken\WMI4Java\1.6.1\WMI4Java-1.6.1.jar
2019-07-10 12:15:53.723+0000 INFO [o.n.i.d.DiagnosticsManager]  [classpath] C:\Users\camp-rgu\.m2\repository\com\h2database\h2\1.4.199\h2-1.4.199.jar
2019-07-10 12:15:53.724+0000 INFO [o.n.i.d.DiagnosticsManager]  [classpath] C:\Users\camp-rgu\.m2\repository\org\apache\lucene\lucene-core\5.5.5\lucene-core-5.5.5.jar
2019-07-10 12:15:53.724+0000 INFO [o.n.i.d.DiagnosticsManager]  [classpath] C:\Users\camp-rgu\.m2\repository\javax\persistence\javax.persistence-api\2.2\javax.persistence-api-2.2.jar
2019-07-10 12:15:53.724+0000 INFO [o.n.i.d.DiagnosticsManager] Library path:
2019-07-10 12:15:53.725+0000 INFO [o.n.i.d.DiagnosticsManager] C:\Program Files\Java\jdk-12.0.1\bin
2019-07-10 12:15:53.725+0000 INFO [o.n.i.d.DiagnosticsManager] C:\Windows\Sun\Java\bin
2019-07-10 12:15:53.726+0000 INFO [o.n.i.d.DiagnosticsManager] C:\Windows\System32
2019-07-10 12:15:53.726+0000 INFO [o.n.i.d.DiagnosticsManager] C:\Windows
2019-07-10 12:15:53.728+0000 INFO [o.n.i.d.DiagnosticsManager] C:\Program Files (x86)\Microsoft SDKs\Azure\CLI2\wbin
2019-07-10 12:15:53.729+0000 INFO [o.n.i.d.DiagnosticsManager] C:\ProgramData\DockerDesktop\version-bin
2019-07-10 12:15:53.730+0000 INFO [o.n.i.d.DiagnosticsManager] C:\Program Files\Docker\Docker\resources\bin
2019-07-10 12:15:53.731+0000 INFO [o.n.i.d.DiagnosticsManager] C:\Program Files (x86)\Common Files\Oracle\Java\javapath
2019-07-10 12:15:53.731+0000 INFO [o.n.i.d.DiagnosticsManager] C:\Windows\System32
2019-07-10 12:15:53.732+0000 INFO [o.n.i.d.DiagnosticsManager] C:\Windows
2019-07-10 12:15:53.732+0000 INFO [o.n.i.d.DiagnosticsManager] C:\Windows\System32\wbem
2019-07-10 12:15:53.732+0000 INFO [o.n.i.d.DiagnosticsManager] C:\Windows\System32\WindowsPowerShell\v1.0
2019-07-10 12:15:53.733+0000 INFO [o.n.i.d.DiagnosticsManager] C:\Windows\System32\OpenSSH
2019-07-10 12:15:53.733+0000 INFO [o.n.i.d.DiagnosticsManager] C:\Program Files (x86)\Plantronics\Spokes3G
2019-07-10 12:15:53.735+0000 INFO [o.n.i.d.DiagnosticsManager] C:\Program Files (x86)\Microsoft SQL Server\150\DTS\Binn
2019-07-10 12:15:53.736+0000 INFO [o.n.i.d.DiagnosticsManager] C:\Users\camp-rgu\AppData\Local\Microsoft\WindowsApps
2019-07-10 12:15:53.737+0000 INFO [o.n.i.d.DiagnosticsManager] C:\Users\camp-rgu\AppData\Local\Programs\Git\cmd
2019-07-10 12:15:53.738+0000 INFO [o.n.i.d.DiagnosticsManager] C:\Users\camp-rgu\Documents\dc19-eInnsyn\e-innsyn-graf
2019-07-10 12:15:53.738+0000 INFO [o.n.i.d.DiagnosticsManager] System.properties:
2019-07-10 12:15:53.738+0000 INFO [o.n.i.d.DiagnosticsManager] sun.desktop = windows
2019-07-10 12:15:53.738+0000 INFO [o.n.i.d.DiagnosticsManager] awt.toolkit = sun.awt.windows.WToolkit
2019-07-10 12:15:53.738+0000 INFO [o.n.i.d.DiagnosticsManager] sun.cpu.isalist = amd64
2019-07-10 12:15:53.738+0000 INFO [o.n.i.d.DiagnosticsManager] sun.jnu.encoding = Cp1252
2019-07-10 12:15:53.739+0000 INFO [o.n.i.d.DiagnosticsManager] sun.arch.data.model = 64
2019-07-10 12:15:53.739+0000 INFO [o.n.i.d.DiagnosticsManager] user.variant = 
2019-07-10 12:15:53.739+0000 INFO [o.n.i.d.DiagnosticsManager] user.timezone = Europe/Oslo
2019-07-10 12:15:53.739+0000 INFO [o.n.i.d.DiagnosticsManager] sun.java.launcher = SUN_STANDARD
2019-07-10 12:15:53.739+0000 INFO [o.n.i.d.DiagnosticsManager] user.country = NO
2019-07-10 12:15:53.739+0000 INFO [o.n.i.d.DiagnosticsManager] sun.boot.library.path = C:\Program Files\Java\jdk-12.0.1\bin
2019-07-10 12:15:53.739+0000 INFO [o.n.i.d.DiagnosticsManager] sun.java.command = com.einnsyn.cosmodb.Neo4j
2019-07-10 12:15:53.739+0000 INFO [o.n.i.d.DiagnosticsManager] jdk.debug = release
2019-07-10 12:15:53.739+0000 INFO [o.n.i.d.DiagnosticsManager] sun.cpu.endian = little
2019-07-10 12:15:53.739+0000 INFO [o.n.i.d.DiagnosticsManager] user.home = C:\Users\camp-rgu
2019-07-10 12:15:53.739+0000 INFO [o.n.i.d.DiagnosticsManager] user.language = no
2019-07-10 12:15:53.739+0000 INFO [o.n.i.d.DiagnosticsManager] file.separator = \
2019-07-10 12:15:53.739+0000 INFO [o.n.i.d.DiagnosticsManager] user.script = 
2019-07-10 12:15:53.739+0000 INFO [o.n.i.d.DiagnosticsManager] sun.management.compiler = HotSpot 64-Bit Tiered Compilers
2019-07-10 12:15:53.739+0000 INFO [o.n.i.d.DiagnosticsManager] user.name = camp-rgu
2019-07-10 12:15:53.739+0000 INFO [o.n.i.d.DiagnosticsManager] path.separator = ;
2019-07-10 12:15:53.739+0000 INFO [o.n.i.d.DiagnosticsManager] file.encoding = UTF-8
2019-07-10 12:15:53.739+0000 INFO [o.n.i.d.DiagnosticsManager] user.dir = C:\Users\camp-rgu\Documents\dc19-eInnsyn\e-innsyn-graf
2019-07-10 12:15:53.739+0000 INFO [o.n.i.d.DiagnosticsManager] sun.os.patch.level = 
2019-07-10 12:15:53.740+0000 INFO [o.n.i.d.DiagnosticsManager] sun.io.unicode.encoding = UnicodeLittle
2019-07-10 12:15:53.740+0000 INFO [o.n.i.d.DiagnosticsManager] (IANA) TimeZone Database Version:
2019-07-10 12:15:53.784+0000 INFO [o.n.i.d.DiagnosticsManager]   TimeZone version: 2018g (available for 599 zone identifiers)
2019-07-10 12:15:53.784+0000 INFO [o.n.i.d.DiagnosticsManager] Network information:
2019-07-10 12:15:54.529+0000 INFO [o.n.i.d.DiagnosticsManager] Interface Software Loopback Interface 1:
2019-07-10 12:15:54.529+0000 INFO [o.n.i.d.DiagnosticsManager]     address: 127.0.0.1
2019-07-10 12:15:54.529+0000 INFO [o.n.i.d.DiagnosticsManager]     address: 0:0:0:0:0:0:0:1
2019-07-10 12:15:54.529+0000 INFO [o.n.i.d.DiagnosticsManager] Interface Generic Mobile Broadband Adapter #4:
2019-07-10 12:15:54.530+0000 INFO [o.n.i.d.DiagnosticsManager] Interface Microsoft 6to4 Adapter:
2019-07-10 12:15:54.530+0000 INFO [o.n.i.d.DiagnosticsManager] Interface WAN Miniport (Network Monitor):
2019-07-10 12:15:54.530+0000 INFO [o.n.i.d.DiagnosticsManager] Interface ThinkPad Hybrid USB-C and USB-A Dock #3:
2019-07-10 12:15:54.530+0000 INFO [o.n.i.d.DiagnosticsManager] Interface Microsoft Wi-Fi Direct Virtual Adapter #2:
2019-07-10 12:15:54.530+0000 INFO [o.n.i.d.DiagnosticsManager]     address: fe80:0:0:0:9461:a36d:5531:b1fd%wlan0
2019-07-10 12:15:54.530+0000 INFO [o.n.i.d.DiagnosticsManager] Interface WAN Miniport (IP):
2019-07-10 12:15:54.530+0000 INFO [o.n.i.d.DiagnosticsManager] Interface Hyper-V Virtual Switch Extension Adapter:
2019-07-10 12:15:54.530+0000 INFO [o.n.i.d.DiagnosticsManager] Interface WAN Miniport (SSTP):
2019-07-10 12:15:54.530+0000 INFO [o.n.i.d.DiagnosticsManager] Interface Generic Mobile Broadband Adapter #10:
2019-07-10 12:15:54.530+0000 INFO [o.n.i.d.DiagnosticsManager] Interface Generic Mobile Broadband Adapter #8:
2019-07-10 12:15:54.531+0000 INFO [o.n.i.d.DiagnosticsManager] Interface Hyper-V Virtual Ethernet Adapter #2:
2019-07-10 12:15:54.531+0000 INFO [o.n.i.d.DiagnosticsManager]     address: 10.0.75.1
2019-07-10 12:15:54.531+0000 INFO [o.n.i.d.DiagnosticsManager]     address: fe80:0:0:0:91da:f503:69bf:ee3f%eth4
2019-07-10 12:15:54.531+0000 INFO [o.n.i.d.DiagnosticsManager] Interface Generic Mobile Broadband Adapter #3:
2019-07-10 12:15:54.531+0000 INFO [o.n.i.d.DiagnosticsManager] Interface Microsoft IP-HTTPS Platform Adapter:
2019-07-10 12:15:54.531+0000 INFO [o.n.i.d.DiagnosticsManager] Interface ThinkPad Hybrid USB-C and USB-A Dock #2:
2019-07-10 12:15:54.531+0000 INFO [o.n.i.d.DiagnosticsManager]     address: fe80:0:0:0:fc25:135:9c05:5e66%eth5
2019-07-10 12:15:54.531+0000 INFO [o.n.i.d.DiagnosticsManager] Interface Intel(R) Dual Band Wireless-AC 7265:
2019-07-10 12:15:54.531+0000 INFO [o.n.i.d.DiagnosticsManager]     address: 10.243.202.19
2019-07-10 12:15:54.531+0000 INFO [o.n.i.d.DiagnosticsManager]     address: fe80:0:0:0:314d:62c0:c6d3:ee87%wlan1
2019-07-10 12:15:54.531+0000 INFO [o.n.i.d.DiagnosticsManager] Interface Generic Mobile Broadband Adapter #11:
2019-07-10 12:15:54.531+0000 INFO [o.n.i.d.DiagnosticsManager] Interface WAN Miniport (IPv6):
2019-07-10 12:15:54.531+0000 INFO [o.n.i.d.DiagnosticsManager] Interface WAN Miniport (PPTP):
2019-07-10 12:15:54.531+0000 INFO [o.n.i.d.DiagnosticsManager] Interface Microsoft Wi-Fi Direct Virtual Adapter:
2019-07-10 12:15:54.531+0000 INFO [o.n.i.d.DiagnosticsManager]     address: fe80:0:0:0:6484:c6d8:3f9:2aaf%wlan2
2019-07-10 12:15:54.531+0000 INFO [o.n.i.d.DiagnosticsManager] Interface Hyper-V Virtual Switch Extension Adapter #2:
2019-07-10 12:15:54.531+0000 INFO [o.n.i.d.DiagnosticsManager] Interface WAN Miniport (L2TP):
2019-07-10 12:15:54.531+0000 INFO [o.n.i.d.DiagnosticsManager] Interface Intel(R) Ethernet Connection (3) I218-LM:
2019-07-10 12:15:54.531+0000 INFO [o.n.i.d.DiagnosticsManager]     address: fe80:0:0:0:80de:e058:b3d4:67cd%eth8
2019-07-10 12:15:54.531+0000 INFO [o.n.i.d.DiagnosticsManager] Interface Sierra Wireless EM7345 4G LTE:
2019-07-10 12:15:54.532+0000 INFO [o.n.i.d.DiagnosticsManager]     address: fe80:0:0:0:cc63:332:bf5:3ea7%net10
2019-07-10 12:15:54.532+0000 INFO [o.n.i.d.DiagnosticsManager] Interface Generic Mobile Broadband Adapter #9:
2019-07-10 12:15:54.532+0000 INFO [o.n.i.d.DiagnosticsManager] Interface Generic Mobile Broadband Adapter #6:
2019-07-10 12:15:54.532+0000 INFO [o.n.i.d.DiagnosticsManager] Interface Generic Mobile Broadband Adapter #2:
2019-07-10 12:15:54.532+0000 INFO [o.n.i.d.DiagnosticsManager] Interface Microsoft Teredo Tunneling Adapter:
2019-07-10 12:15:54.532+0000 INFO [o.n.i.d.DiagnosticsManager] Interface WAN Miniport (PPPOE):
2019-07-10 12:15:54.532+0000 INFO [o.n.i.d.DiagnosticsManager] Interface Bluetooth Device (Personal Area Network):
2019-07-10 12:15:54.532+0000 INFO [o.n.i.d.DiagnosticsManager]     address: fe80:0:0:0:fccc:75e7:af02:dbcc%eth9
2019-07-10 12:15:54.532+0000 INFO [o.n.i.d.DiagnosticsManager] Interface Generic Mobile Broadband Adapter #7:
2019-07-10 12:15:54.532+0000 INFO [o.n.i.d.DiagnosticsManager] Interface Microsoft Kernel Debug Network Adapter:
2019-07-10 12:15:54.532+0000 INFO [o.n.i.d.DiagnosticsManager] Interface Generic Mobile Broadband Adapter #5:
2019-07-10 12:15:54.532+0000 INFO [o.n.i.d.DiagnosticsManager] Interface ThinkPad Hybrid USB-C and USB-A Dock:
2019-07-10 12:15:54.532+0000 INFO [o.n.i.d.DiagnosticsManager] Interface Hyper-V Virtual Switch Extension Adapter #2-Hyper-V Virtual Switch Extension Filter-0000:
2019-07-10 12:15:54.532+0000 INFO [o.n.i.d.DiagnosticsManager] Interface WAN Miniport (IKEv2):
2019-07-10 12:15:54.532+0000 INFO [o.n.i.d.DiagnosticsManager] Interface Hyper-V Virtual Ethernet Adapter:
2019-07-10 12:15:54.532+0000 INFO [o.n.i.d.DiagnosticsManager]     address: 172.18.0.17
2019-07-10 12:15:54.532+0000 INFO [o.n.i.d.DiagnosticsManager]     address: fe80:0:0:0:e9b1:f49c:ff40:e8ce%eth13
2019-07-10 12:15:54.532+0000 INFO [o.n.i.d.DiagnosticsManager] Interface Hyper-V Virtual Switch Extension Adapter-Hyper-V Virtual Switch Extension Filter-0000:
2019-07-10 12:15:54.532+0000 INFO [o.n.i.d.DiagnosticsManager] Interface Intel(R) Ethernet Connection (3) I218-LM-WFP Native MAC Layer LightWeight Filter-0000:
2019-07-10 12:15:54.532+0000 INFO [o.n.i.d.DiagnosticsManager] Interface Intel(R) Ethernet Connection (3) I218-LM-QoS Packet Scheduler-0000:
2019-07-10 12:15:54.532+0000 INFO [o.n.i.d.DiagnosticsManager] Interface Intel(R) Ethernet Connection (3) I218-LM-WFP 802.3 MAC Layer LightWeight Filter-0000:
2019-07-10 12:15:54.532+0000 INFO [o.n.i.d.DiagnosticsManager] Interface Hyper-V Virtual Ethernet Adapter-WFP Native MAC Layer LightWeight Filter-0000:
2019-07-10 12:15:54.532+0000 INFO [o.n.i.d.DiagnosticsManager] Interface Hyper-V Virtual Ethernet Adapter-QoS Packet Scheduler-0000:
2019-07-10 12:15:54.532+0000 INFO [o.n.i.d.DiagnosticsManager] Interface Hyper-V Virtual Ethernet Adapter-WFP 802.3 MAC Layer LightWeight Filter-0000:
2019-07-10 12:15:54.533+0000 INFO [o.n.i.d.DiagnosticsManager] Interface Hyper-V Virtual Ethernet Adapter #2-WFP Native MAC Layer LightWeight Filter-0000:
2019-07-10 12:15:54.533+0000 INFO [o.n.i.d.DiagnosticsManager] Interface Hyper-V Virtual Ethernet Adapter #2-QoS Packet Scheduler-0000:
2019-07-10 12:15:54.533+0000 INFO [o.n.i.d.DiagnosticsManager] Interface Hyper-V Virtual Ethernet Adapter #2-WFP 802.3 MAC Layer LightWeight Filter-0000:
2019-07-10 12:15:54.533+0000 INFO [o.n.i.d.DiagnosticsManager] Interface Sierra Wireless EM7345 4G LTE-WFP Native MAC Layer LightWeight Filter-0000:
2019-07-10 12:15:54.533+0000 INFO [o.n.i.d.DiagnosticsManager] Interface ThinkPad Hybrid USB-C and USB-A Dock #2-WFP Native MAC Layer LightWeight Filter-0000:
2019-07-10 12:15:54.533+0000 INFO [o.n.i.d.DiagnosticsManager] Interface ThinkPad Hybrid USB-C and USB-A Dock #2-QoS Packet Scheduler-0000:
2019-07-10 12:15:54.533+0000 INFO [o.n.i.d.DiagnosticsManager] Interface ThinkPad Hybrid USB-C and USB-A Dock #2-WFP 802.3 MAC Layer LightWeight Filter-0000:
2019-07-10 12:15:54.533+0000 INFO [o.n.i.d.DiagnosticsManager] Interface Intel(R) Dual Band Wireless-AC 7265-WFP Native MAC Layer LightWeight Filter-0000:
2019-07-10 12:15:54.533+0000 INFO [o.n.i.d.DiagnosticsManager] Interface Intel(R) Dual Band Wireless-AC 7265-Virtual WiFi Filter Driver-0000:
2019-07-10 12:15:54.533+0000 INFO [o.n.i.d.DiagnosticsManager] Interface Intel(R) Dual Band Wireless-AC 7265-Native WiFi Filter Driver-0000:
2019-07-10 12:15:54.533+0000 INFO [o.n.i.d.DiagnosticsManager] Interface Intel(R) Dual Band Wireless-AC 7265-QoS Packet Scheduler-0000:
2019-07-10 12:15:54.533+0000 INFO [o.n.i.d.DiagnosticsManager] Interface Intel(R) Dual Band Wireless-AC 7265-WFP 802.3 MAC Layer LightWeight Filter-0000:
2019-07-10 12:15:54.533+0000 INFO [o.n.i.d.DiagnosticsManager] Interface Microsoft Wi-Fi Direct Virtual Adapter-WFP Native MAC Layer LightWeight Filter-0000:
2019-07-10 12:15:54.533+0000 INFO [o.n.i.d.DiagnosticsManager] Interface Microsoft Wi-Fi Direct Virtual Adapter-Native WiFi Filter Driver-0000:
2019-07-10 12:15:54.533+0000 INFO [o.n.i.d.DiagnosticsManager] Interface WAN Miniport (IP)-WFP Native MAC Layer LightWeight Filter-0000:
2019-07-10 12:15:54.533+0000 INFO [o.n.i.d.DiagnosticsManager] Interface WAN Miniport (IP)-QoS Packet Scheduler-0000:
2019-07-10 12:15:54.533+0000 INFO [o.n.i.d.DiagnosticsManager] Interface WAN Miniport (IPv6)-WFP Native MAC Layer LightWeight Filter-0000:
2019-07-10 12:15:54.533+0000 INFO [o.n.i.d.DiagnosticsManager] Interface WAN Miniport (IPv6)-QoS Packet Scheduler-0000:
2019-07-10 12:15:54.534+0000 INFO [o.n.i.d.DiagnosticsManager] Interface WAN Miniport (Network Monitor)-WFP Native MAC Layer LightWeight Filter-0000:
2019-07-10 12:15:54.534+0000 INFO [o.n.i.d.DiagnosticsManager] Interface WAN Miniport (Network Monitor)-QoS Packet Scheduler-0000:
2019-07-10 12:15:54.534+0000 INFO [o.n.i.d.DiagnosticsManager] Interface Microsoft Wi-Fi Direct Virtual Adapter-QoS Packet Scheduler-0000:
2019-07-10 12:15:54.534+0000 INFO [o.n.i.d.DiagnosticsManager] Interface Microsoft Wi-Fi Direct Virtual Adapter-WFP 802.3 MAC Layer LightWeight Filter-0000:
2019-07-10 12:15:54.534+0000 INFO [o.n.i.d.DiagnosticsManager] Interface Microsoft Wi-Fi Direct Virtual Adapter #2-WFP Native MAC Layer LightWeight Filter-0000:
2019-07-10 12:15:54.534+0000 INFO [o.n.i.d.DiagnosticsManager] Interface Microsoft Wi-Fi Direct Virtual Adapter #2-Native WiFi Filter Driver-0000:
2019-07-10 12:15:54.534+0000 INFO [o.n.i.d.DiagnosticsManager] Interface Microsoft Wi-Fi Direct Virtual Adapter #2-QoS Packet Scheduler-0000:
2019-07-10 12:15:54.534+0000 INFO [o.n.i.d.DiagnosticsManager] Interface Microsoft Wi-Fi Direct Virtual Adapter #2-WFP 802.3 MAC Layer LightWeight Filter-0000:
2019-07-10 12:15:54.534+0000 INFO [o.n.i.d.DiagnosticsManager] --- INITIALIZED diagnostics END ---
2019-07-10 12:15:54.850+0000 INFO [o.n.k.i.s.f.RecordFormatSelector] Selected format 'RecordFormat:StandardV3_4[v0.A.9]' for the new store
2019-07-10 12:15:57.363+0000 INFO [o.n.k.i.i.l.NativeLabelScanStore] No label index found, this might just be first use. Preparing to rebuild.
2019-07-10 12:15:57.450+0000 INFO [o.n.k.NeoStoreDataSource] Rotated to transaction log [C:\Users\camp-rgu\Documents\dc19-eInnsyn\e-innsyn-graf\data\cars\neostore.transaction.db.0] version=0, last transaction in previous log=1
2019-07-10 12:15:57.455+0000 INFO [o.n.k.NeoStoreDataSource] No commits found after last check point (which is at <no log position given>)
2019-07-10 12:15:57.480+0000 WARN [o.n.k.i.s.MetaDataStore] Missing counts store, rebuilding it.
2019-07-10 12:15:57.497+0000 WARN [o.n.k.i.s.MetaDataStore] Counts store rebuild completed.
2019-07-10 12:15:57.550+0000 INFO [o.n.k.i.i.l.NativeLabelScanStore] Rebuilding label index, this may take a while
2019-07-10 12:15:57.584+0000 INFO [o.n.k.i.i.l.NativeLabelScanStore] Label index rebuilt (roughly 0 nodes)
2019-07-10 12:15:57.597+0000 INFO [o.n.i.d.DiagnosticsManager] --- STARTED diagnostics for KernelDiagnostics:Versions START ---
2019-07-10 12:15:57.598+0000 INFO [o.n.i.d.DiagnosticsManager] Graph Database: community single StoreId{creationTime=1562760955814, randomId=-2898059666968435417, storeVersion=16094931155187206, upgradeTime=1562760955814, upgradeId=1}
2019-07-10 12:15:57.600+0000 INFO [o.n.i.d.DiagnosticsManager] Kernel version: 3.5.5,9d75f7445ec02ec013d2de528c396096efedc3a5
2019-07-10 12:15:57.601+0000 INFO [o.n.i.d.DiagnosticsManager] --- STARTED diagnostics for KernelDiagnostics:Versions END ---
2019-07-10 12:15:57.610+0000 INFO [o.n.i.d.DiagnosticsManager] --- STARTED diagnostics for NEO_STORE_VERSIONS START ---
2019-07-10 12:15:57.611+0000 INFO [o.n.i.d.DiagnosticsManager] Store versions:
2019-07-10 12:15:57.613+0000 INFO [o.n.i.d.DiagnosticsManager]   ArrayPropertyStore v0.A.9
2019-07-10 12:15:57.614+0000 INFO [o.n.i.d.DiagnosticsManager]   NodeStore v0.A.9
2019-07-10 12:15:57.614+0000 INFO [o.n.i.d.DiagnosticsManager]   StringPropertyStore v0.A.9
2019-07-10 12:15:57.615+0000 INFO [o.n.i.d.DiagnosticsManager]   PropertyIndexStore v0.A.9
2019-07-10 12:15:57.616+0000 INFO [o.n.i.d.DiagnosticsManager]   StringPropertyStore v0.A.9
2019-07-10 12:15:57.616+0000 INFO [o.n.i.d.DiagnosticsManager]   ArrayPropertyStore v0.A.9
2019-07-10 12:15:57.617+0000 INFO [o.n.i.d.DiagnosticsManager]   PropertyStore v0.A.9
2019-07-10 12:15:57.619+0000 INFO [o.n.i.d.DiagnosticsManager]   RelationshipStore v0.A.9
2019-07-10 12:15:57.620+0000 INFO [o.n.i.d.DiagnosticsManager]   StringPropertyStore v0.A.9
2019-07-10 12:15:57.622+0000 INFO [o.n.i.d.DiagnosticsManager]   RelationshipTypeStore v0.A.9
2019-07-10 12:15:57.623+0000 INFO [o.n.i.d.DiagnosticsManager]   StringPropertyStore v0.A.9
2019-07-10 12:15:57.624+0000 INFO [o.n.i.d.DiagnosticsManager]   LabelTokenStore v0.A.9
2019-07-10 12:15:57.625+0000 INFO [o.n.i.d.DiagnosticsManager]   SchemaStore v0.A.9
2019-07-10 12:15:57.625+0000 INFO [o.n.i.d.DiagnosticsManager]   RelationshipGroupStore v0.A.9
2019-07-10 12:15:57.627+0000 INFO [o.n.i.d.DiagnosticsManager]   NeoStore v0.A.9
2019-07-10 12:15:57.628+0000 INFO [o.n.i.d.DiagnosticsManager] --- STARTED diagnostics for NEO_STORE_VERSIONS END ---
2019-07-10 12:15:57.629+0000 INFO [o.n.i.d.DiagnosticsManager] --- STARTED diagnostics for NEO_STORE_ID_USAGE START ---
2019-07-10 12:15:57.630+0000 INFO [o.n.i.d.DiagnosticsManager] Id usage:
2019-07-10 12:15:57.632+0000 INFO [o.n.i.d.DiagnosticsManager]   ArrayPropertyStore: used=1 high=0
2019-07-10 12:15:57.632+0000 INFO [o.n.i.d.DiagnosticsManager]   NodeStore: used=0 high=-1
2019-07-10 12:15:57.633+0000 INFO [o.n.i.d.DiagnosticsManager]   StringPropertyStore: used=1 high=0
2019-07-10 12:15:57.634+0000 INFO [o.n.i.d.DiagnosticsManager]   PropertyIndexStore: used=0 high=-1
2019-07-10 12:15:57.634+0000 INFO [o.n.i.d.DiagnosticsManager]   StringPropertyStore: used=1 high=0
2019-07-10 12:15:57.636+0000 INFO [o.n.i.d.DiagnosticsManager]   ArrayPropertyStore: used=1 high=0
2019-07-10 12:15:57.637+0000 INFO [o.n.i.d.DiagnosticsManager]   PropertyStore: used=0 high=-1
2019-07-10 12:15:57.637+0000 INFO [o.n.i.d.DiagnosticsManager]   RelationshipStore: used=0 high=-1
2019-07-10 12:15:57.638+0000 INFO [o.n.i.d.DiagnosticsManager]   StringPropertyStore: used=1 high=0
2019-07-10 12:15:57.639+0000 INFO [o.n.i.d.DiagnosticsManager]   RelationshipTypeStore: used=0 high=-1
2019-07-10 12:15:57.639+0000 INFO [o.n.i.d.DiagnosticsManager]   StringPropertyStore: used=1 high=0
2019-07-10 12:15:57.640+0000 INFO [o.n.i.d.DiagnosticsManager]   LabelTokenStore: used=0 high=-1
2019-07-10 12:15:57.640+0000 INFO [o.n.i.d.DiagnosticsManager]   SchemaStore: used=1 high=0
2019-07-10 12:15:57.641+0000 INFO [o.n.i.d.DiagnosticsManager]   RelationshipGroupStore: used=1 high=0
2019-07-10 12:15:57.641+0000 INFO [o.n.i.d.DiagnosticsManager]   NeoStore: used=15 high=14
2019-07-10 12:15:57.642+0000 INFO [o.n.i.d.DiagnosticsManager] --- STARTED diagnostics for NEO_STORE_ID_USAGE END ---
2019-07-10 12:15:57.643+0000 INFO [o.n.i.d.DiagnosticsManager] --- STARTED diagnostics for NEO_STORE_RECORDS START ---
2019-07-10 12:15:57.644+0000 INFO [o.n.i.d.DiagnosticsManager] Neostore records:
2019-07-10 12:15:57.648+0000 INFO [o.n.i.d.DiagnosticsManager] TIME (Creation time): 1562760955814
2019-07-10 12:15:57.649+0000 INFO [o.n.i.d.DiagnosticsManager] RANDOM_NUMBER (Random number for store id): -2898059666968435417
2019-07-10 12:15:57.652+0000 INFO [o.n.i.d.DiagnosticsManager] LOG_VERSION (Current log version): 0
2019-07-10 12:15:57.653+0000 INFO [o.n.i.d.DiagnosticsManager] LAST_TRANSACTION_ID (Last committed transaction): 1
2019-07-10 12:15:57.654+0000 INFO [o.n.i.d.DiagnosticsManager] STORE_VERSION (Store format version): 16094931155187206
2019-07-10 12:15:57.655+0000 INFO [o.n.i.d.DiagnosticsManager] FIRST_GRAPH_PROPERTY (First property record containing graph properties): -1
2019-07-10 12:15:57.656+0000 INFO [o.n.i.d.DiagnosticsManager] LAST_CONSTRAINT_TRANSACTION (Last committed transaction containing constraint changes): 0
2019-07-10 12:15:57.657+0000 INFO [o.n.i.d.DiagnosticsManager] UPGRADE_TRANSACTION_ID (Transaction id most recent upgrade was performed at): 1
2019-07-10 12:15:57.657+0000 INFO [o.n.i.d.DiagnosticsManager] UPGRADE_TIME (Time of last upgrade): 1562760955814
2019-07-10 12:15:57.660+0000 INFO [o.n.i.d.DiagnosticsManager] LAST_TRANSACTION_CHECKSUM (Checksum of last committed transaction): 0
2019-07-10 12:15:57.661+0000 INFO [o.n.i.d.DiagnosticsManager] UPGRADE_TRANSACTION_CHECKSUM (Checksum of transaction id the most recent upgrade was performed at): 0
2019-07-10 12:15:57.661+0000 INFO [o.n.i.d.DiagnosticsManager] LAST_CLOSED_TRANSACTION_LOG_VERSION (Log version where the last transaction commit entry has been written into): 0
2019-07-10 12:15:57.662+0000 INFO [o.n.i.d.DiagnosticsManager] LAST_CLOSED_TRANSACTION_LOG_BYTE_OFFSET (Byte offset in the log file where the last transaction commit entry has been written into): 16
2019-07-10 12:15:57.663+0000 INFO [o.n.i.d.DiagnosticsManager] LAST_TRANSACTION_COMMIT_TIMESTAMP (Commit time timestamp for last committed transaction): 0
2019-07-10 12:15:57.664+0000 INFO [o.n.i.d.DiagnosticsManager] UPGRADE_TRANSACTION_COMMIT_TIMESTAMP (Commit timestamp of transaction the most recent upgrade was performed at): 0
2019-07-10 12:15:57.667+0000 INFO [o.n.i.d.DiagnosticsManager] --- STARTED diagnostics for NEO_STORE_RECORDS END ---
2019-07-10 12:15:57.670+0000 INFO [o.n.i.d.DiagnosticsManager] --- STARTED diagnostics for TRANSACTION_RANGE START ---
2019-07-10 12:15:57.671+0000 INFO [o.n.i.d.DiagnosticsManager] Transaction log:
2019-07-10 12:15:57.674+0000 INFO [o.n.i.d.DiagnosticsManager] No transactions found in any log
2019-07-10 12:15:57.675+0000 INFO [o.n.i.d.DiagnosticsManager] --- STARTED diagnostics for TRANSACTION_RANGE END ---
2019-07-10 12:15:57.683+0000 INFO [o.n.i.d.DiagnosticsManager] --- STARTED diagnostics for KernelDiagnostics:StoreFiles START ---
2019-07-10 12:15:57.691+0000 INFO [o.n.i.d.DiagnosticsManager] Disk space on partition (Total / Free / Free %): 511450279936 / 449462386688 / 87
2019-07-10 12:15:57.691+0000 INFO [o.n.i.d.DiagnosticsManager] Storage files: (filename : modification date - size)
2019-07-10 12:15:57.699+0000 INFO [o.n.i.d.DiagnosticsManager]   index:
2019-07-10 12:15:57.701+0000 INFO [o.n.i.d.DiagnosticsManager]   - Total: 2019-07-10T14:15:57+0200 - 0.00 B
2019-07-10 12:15:57.702+0000 INFO [o.n.i.d.DiagnosticsManager]   neostore: 2019-07-10T14:15:56+0200 - 8.00 kB
2019-07-10 12:15:57.704+0000 INFO [o.n.i.d.DiagnosticsManager]   neostore.counts.db.a: 2019-07-10T14:15:57+0200 - 96.00 B
2019-07-10 12:15:57.706+0000 INFO [o.n.i.d.DiagnosticsManager]   neostore.id: 2019-07-10T14:15:56+0200 - 9.00 B
2019-07-10 12:15:57.708+0000 INFO [o.n.i.d.DiagnosticsManager]   neostore.labelscanstore.db: 2019-07-10T14:15:57+0200 - 40.00 kB
2019-07-10 12:15:57.710+0000 INFO [o.n.i.d.DiagnosticsManager]   neostore.labeltokenstore.db: 2019-07-10T14:15:55+0200 - 0.00 B
2019-07-10 12:15:57.713+0000 INFO [o.n.i.d.DiagnosticsManager]   neostore.labeltokenstore.db.id: 2019-07-10T14:15:55+0200 - 9.00 B
2019-07-10 12:15:57.714+0000 INFO [o.n.i.d.DiagnosticsManager]   neostore.labeltokenstore.db.names: 2019-07-10T14:15:55+0200 - 8.00 kB
2019-07-10 12:15:57.715+0000 INFO [o.n.i.d.DiagnosticsManager]   neostore.labeltokenstore.db.names.id: 2019-07-10T14:15:55+0200 - 9.00 B
2019-07-10 12:15:57.717+0000 INFO [o.n.i.d.DiagnosticsManager]   neostore.nodestore.db: 2019-07-10T14:15:55+0200 - 0.00 B
2019-07-10 12:15:57.718+0000 INFO [o.n.i.d.DiagnosticsManager]   neostore.nodestore.db.id: 2019-07-10T14:15:55+0200 - 9.00 B
2019-07-10 12:15:57.719+0000 INFO [o.n.i.d.DiagnosticsManager]   neostore.nodestore.db.labels: 2019-07-10T14:15:54+0200 - 8.00 kB
2019-07-10 12:15:57.721+0000 INFO [o.n.i.d.DiagnosticsManager]   neostore.nodestore.db.labels.id: 2019-07-10T14:15:55+0200 - 9.00 B
2019-07-10 12:15:57.728+0000 INFO [o.n.i.d.DiagnosticsManager]   neostore.propertystore.db: 2019-07-10T14:15:55+0200 - 0.00 B
2019-07-10 12:15:57.730+0000 INFO [o.n.i.d.DiagnosticsManager]   neostore.propertystore.db.arrays: 2019-07-10T14:15:55+0200 - 8.00 kB
2019-07-10 12:15:57.731+0000 INFO [o.n.i.d.DiagnosticsManager]   neostore.propertystore.db.arrays.id: 2019-07-10T14:15:55+0200 - 9.00 B
2019-07-10 12:15:57.733+0000 INFO [o.n.i.d.DiagnosticsManager]   neostore.propertystore.db.id: 2019-07-10T14:15:55+0200 - 9.00 B
2019-07-10 12:15:57.735+0000 INFO [o.n.i.d.DiagnosticsManager]   neostore.propertystore.db.index: 2019-07-10T14:15:55+0200 - 0.00 B
2019-07-10 12:15:57.737+0000 INFO [o.n.i.d.DiagnosticsManager]   neostore.propertystore.db.index.id: 2019-07-10T14:15:55+0200 - 9.00 B
2019-07-10 12:15:57.740+0000 INFO [o.n.i.d.DiagnosticsManager]   neostore.propertystore.db.index.keys: 2019-07-10T14:15:55+0200 - 8.00 kB
2019-07-10 12:15:57.741+0000 INFO [o.n.i.d.DiagnosticsManager]   neostore.propertystore.db.index.keys.id: 2019-07-10T14:15:55+0200 - 9.00 B
2019-07-10 12:15:57.743+0000 INFO [o.n.i.d.DiagnosticsManager]   neostore.propertystore.db.strings: 2019-07-10T14:15:55+0200 - 8.00 kB
2019-07-10 12:15:57.745+0000 INFO [o.n.i.d.DiagnosticsManager]   neostore.propertystore.db.strings.id: 2019-07-10T14:15:55+0200 - 9.00 B
2019-07-10 12:15:57.748+0000 INFO [o.n.i.d.DiagnosticsManager]   neostore.relationshipgroupstore.db: 2019-07-10T14:15:55+0200 - 8.00 kB
2019-07-10 12:15:57.750+0000 INFO [o.n.i.d.DiagnosticsManager]   neostore.relationshipgroupstore.db.id: 2019-07-10T14:15:55+0200 - 9.00 B
2019-07-10 12:15:57.752+0000 INFO [o.n.i.d.DiagnosticsManager]   neostore.relationshipstore.db: 2019-07-10T14:15:55+0200 - 0.00 B
2019-07-10 12:15:57.754+0000 INFO [o.n.i.d.DiagnosticsManager]   neostore.relationshipstore.db.id: 2019-07-10T14:15:55+0200 - 9.00 B
2019-07-10 12:15:57.756+0000 INFO [o.n.i.d.DiagnosticsManager]   neostore.relationshiptypestore.db: 2019-07-10T14:15:55+0200 - 0.00 B
2019-07-10 12:15:57.760+0000 INFO [o.n.i.d.DiagnosticsManager]   neostore.relationshiptypestore.db.id: 2019-07-10T14:15:55+0200 - 9.00 B
2019-07-10 12:15:57.761+0000 INFO [o.n.i.d.DiagnosticsManager]   neostore.relationshiptypestore.db.names: 2019-07-10T14:15:55+0200 - 8.00 kB
2019-07-10 12:15:57.763+0000 INFO [o.n.i.d.DiagnosticsManager]   neostore.relationshiptypestore.db.names.id: 2019-07-10T14:15:55+0200 - 9.00 B
2019-07-10 12:15:57.764+0000 INFO [o.n.i.d.DiagnosticsManager]   neostore.schemastore.db: 2019-07-10T14:15:55+0200 - 8.00 kB
2019-07-10 12:15:57.789+0000 INFO [o.n.i.d.DiagnosticsManager]   neostore.schemastore.db.id: 2019-07-10T14:15:55+0200 - 9.00 B
2019-07-10 12:15:57.824+0000 INFO [o.n.i.d.DiagnosticsManager]   neostore.transaction.db.0: 2019-07-10T14:15:57+0200 - 16.00 B
2019-07-10 12:15:57.825+0000 INFO [o.n.i.d.DiagnosticsManager] Storage summary: 
2019-07-10 12:15:57.827+0000 INFO [o.n.i.d.DiagnosticsManager]   Total size of store: 112.24 kB
2019-07-10 12:15:57.830+0000 INFO [o.n.i.d.DiagnosticsManager]   Total size of mapped files: 112.00 kB
2019-07-10 12:15:57.831+0000 INFO [o.n.i.d.DiagnosticsManager] --- STARTED diagnostics for KernelDiagnostics:StoreFiles END ---
2019-07-10 12:15:57.832+0000 INFO [o.n.k.a.DatabaseAvailabilityGuard] Fulfilling of requirement 'Database available' makes database cars available.
2019-07-10 12:15:57.834+0000 INFO [o.n.k.a.DatabaseAvailabilityGuard] Database cars is ready.
2019-07-10 12:15:57.839+0000 INFO [o.n.k.i.DatabaseHealth] Database health set to OK
